[0.000000] (-) TimerEvent: {}
[0.000351] (serial_motor_demo_msgs) JobQueued: {'identifier': 'serial_motor_demo_msgs', 'dependencies': OrderedDict()}
[0.000715] (serial_motor_demo) JobQueued: {'identifier': 'serial_motor_demo', 'dependencies': OrderedDict([('serial_motor_demo_msgs', '/home/jani/rosdev/Janabot/install/serial_motor_demo_msgs')])}
[0.000957] (serial_motor_demo_msgs) JobStarted: {'identifier': 'serial_motor_demo_msgs'}
[0.012538] (serial_motor_demo_msgs) JobProgress: {'identifier': 'serial_motor_demo_msgs', 'progress': 'cmake'}
[0.012799] (serial_motor_demo_msgs) Command: {'cmd': ['/usr/bin/cmake', '/home/jani/rosdev/Janabot/src/serial_motor_demo/serial_motor_demo_msgs', '-DCMAKE_BUILD_TYPE=RelWithDebInfo', '-DAMENT_CMAKE_SYMLINK_INSTALL=1', '-DCMAKE_INSTALL_PREFIX=/home/jani/rosdev/Janabot/install/serial_motor_demo_msgs'], 'cwd': '/home/jani/rosdev/Janabot/build/serial_motor_demo_msgs', 'env': OrderedDict([('LESSOPEN', '| /usr/bin/lesspipe %s'), ('VSCODE_CWD', '/home/jani'), ('USER', 'jani'), ('SSH_CLIENT', '192.168.9.128 50596 22'), ('LC_TIME', 'hu_HU.UTF-8'), ('VSCODE_NLS_CONFIG', '{"locale":"en","osLocale":"en","availableLanguages":{}}'), ('VSCODE_HANDLES_UNCAUGHT_ERRORS', 'true'), ('XDG_SESSION_TYPE', 'tty'), ('GIT_ASKPASS', '/home/jani/.vscode-server/bin/6c3e3dba23e8fadc360aed75ce363ba185c49794/extensions/git/dist/askpass.sh'), ('SHLVL', '0'), ('LD_LIBRARY_PATH', '/usr/lib/x86_64-linux-gnu/gazebo-11/plugins:/opt/ros/humble/opt/rviz_ogre_vendor/lib:/opt/ros/humble/lib/x86_64-linux-gnu:/opt/ros/humble/lib'), ('BROWSER', '/home/jani/.vscode-server/bin/6c3e3dba23e8fadc360aed75ce363ba185c49794/bin/helpers/browser.sh'), ('MOTD_SHOWN', 'pam'), ('HOME', '/home/jani'), ('TERM_PROGRAM_VERSION', '1.81.1'), ('VSCODE_IPC_HOOK_CLI', '/run/user/1000/vscode-ipc-863220e9-87af-4ad8-a6e5-5fac748b124e.sock'), ('APPLICATION_INSIGHTS_NO_DIAGNOSTIC_CHANNEL', '1'), ('ROS_PYTHON_VERSION', '3'), ('VSCODE_GIT_ASKPASS_MAIN', '/home/jani/.vscode-server/bin/6c3e3dba23e8fadc360aed75ce363ba185c49794/extensions/git/dist/askpass-main.js'), ('LC_MONETARY', 'hu_HU.UTF-8'), ('VSCODE_GIT_ASKPASS_NODE', '/home/jani/.vscode-server/bin/6c3e3dba23e8fadc360aed75ce363ba185c49794/node'), ('DBUS_SESSION_BUS_ADDRESS', 'unix:path=/run/user/1000/bus'), ('COLORTERM', 'truecolor'), ('VSCODE_L10N_BUNDLE_LOCATION', ''), ('ROS_DISTRO', 'humble'), ('LOGNAME', 'jani'), ('VSCODE_HANDLES_SIGPIPE', 'true'), ('_', '/usr/bin/colcon'), ('ROS_VERSION', '2'), ('XDG_SESSION_CLASS', 'user'), ('TERM', 'xterm-256color'), ('XDG_SESSION_ID', '7'), ('ROS_LOCALHOST_ONLY', '0'), ('PATH', '/home/jani/.vscode-server/bin/6c3e3dba23e8fadc360aed75ce363ba185c49794/bin/remote-cli:/home/jani/.local/bin:/opt/ros/humble/bin:/usr/local/sbin:/usr/local/bin:/usr/sbin:/usr/bin:/sbin:/bin:/usr/games:/usr/local/games:/snap/bin'), ('VSCODE_AMD_ENTRYPOINT', 'vs/workbench/api/node/extensionHostProcess'), ('VSCODE_AGENT_FOLDER', '/home/jani/.vscode-server'), ('LC_ADDRESS', 'hu_HU.UTF-8'), ('XDG_RUNTIME_DIR', '/run/user/1000'), ('LANG', 'en_US.UTF-8'), ('LC_TELEPHONE', 'hu_HU.UTF-8'), ('LS_COLORS', ''), ('VSCODE_GIT_IPC_HANDLE', '/run/user/1000/vscode-git-267a101fd2.sock'), ('TERM_PROGRAM', 'vscode'), ('AMENT_PREFIX_PATH', '/opt/ros/humble'), ('SHELL', '/bin/bash'), ('LC_NAME', 'hu_HU.UTF-8'), ('ELECTRON_RUN_AS_NODE', '1'), ('LESSCLOSE', '/usr/bin/lesspipe %s %s'), ('LC_MEASUREMENT', 'hu_HU.UTF-8'), ('LC_IDENTIFICATION', 'hu_HU.UTF-8'), ('VSCODE_GIT_ASKPASS_EXTRA_ARGS', ''), ('PWD', '/home/jani/rosdev/Janabot/build/serial_motor_demo_msgs'), ('SSH_CONNECTION', '192.168.9.128 50596 192.168.9.248 22'), ('XDG_DATA_DIRS', '/usr/share/gnome:/usr/local/share:/usr/share:/var/lib/snapd/desktop'), ('PYTHONPATH', '/opt/ros/humble/lib/python3.10/site-packages:/opt/ros/humble/local/lib/python3.10/dist-packages'), ('LC_NUMERIC', 'hu_HU.UTF-8'), ('LC_PAPER', 'hu_HU.UTF-8'), ('COLCON', '1'), ('CMAKE_PREFIX_PATH', '/opt/ros/humble')]), 'shell': False}
[0.087710] (serial_motor_demo_msgs) StdoutLine: {'line': b'-- The C compiler identification is GNU 11.4.0\n'}
[0.099755] (-) TimerEvent: {}
[0.158601] (serial_motor_demo_msgs) StdoutLine: {'line': b'-- The CXX compiler identification is GNU 11.4.0\n'}
[0.167090] (serial_motor_demo_msgs) StdoutLine: {'line': b'-- Detecting C compiler ABI info\n'}
[0.199859] (-) TimerEvent: {}
[0.238370] (serial_motor_demo_msgs) StdoutLine: {'line': b'-- Detecting C compiler ABI info - done\n'}
[0.248134] (serial_motor_demo_msgs) StdoutLine: {'line': b'-- Check for working C compiler: /usr/bin/cc - skipped\n'}
[0.248571] (serial_motor_demo_msgs) StdoutLine: {'line': b'-- Detecting C compile features\n'}
[0.249387] (serial_motor_demo_msgs) StdoutLine: {'line': b'-- Detecting C compile features - done\n'}
[0.253186] (serial_motor_demo_msgs) StdoutLine: {'line': b'-- Detecting CXX compiler ABI info\n'}
[0.299987] (-) TimerEvent: {}
[0.340602] (serial_motor_demo_msgs) StdoutLine: {'line': b'-- Detecting CXX compiler ABI info - done\n'}
[0.350787] (serial_motor_demo_msgs) StdoutLine: {'line': b'-- Check for working CXX compiler: /usr/bin/c++ - skipped\n'}
[0.351086] (serial_motor_demo_msgs) StdoutLine: {'line': b'-- Detecting CXX compile features\n'}
[0.351829] (serial_motor_demo_msgs) StdoutLine: {'line': b'-- Detecting CXX compile features - done\n'}
[0.355095] (serial_motor_demo_msgs) StdoutLine: {'line': b'-- Found ament_cmake: 1.3.5 (/opt/ros/humble/share/ament_cmake/cmake)\n'}
[0.400092] (-) TimerEvent: {}
[0.500465] (-) TimerEvent: {}
[0.537506] (serial_motor_demo_msgs) StdoutLine: {'line': b'-- Found Python3: /usr/bin/python3.10 (found version "3.10.12") found components: Interpreter \n'}
[0.600584] (-) TimerEvent: {}
[0.619247] (serial_motor_demo_msgs) StdoutLine: {'line': b'-- Override CMake install command with custom implementation using symlinks instead of copying resources\n'}
[0.652600] (serial_motor_demo_msgs) StdoutLine: {'line': b'-- Found ament_lint_auto: 0.12.7 (/opt/ros/humble/share/ament_lint_auto/cmake)\n'}
[0.700734] (-) TimerEvent: {}
[0.733144] (serial_motor_demo_msgs) StdoutLine: {'line': b'-- Found rosidl_default_generators: 1.2.0 (/opt/ros/humble/share/rosidl_default_generators/cmake)\n'}
[0.735980] (serial_motor_demo_msgs) StdoutLine: {'line': b'-- Using all available rosidl_typesupport_c: rosidl_typesupport_fastrtps_c;rosidl_typesupport_introspection_c\n'}
[0.742879] (serial_motor_demo_msgs) StdoutLine: {'line': b'-- Found rosidl_adapter: 3.1.5 (/opt/ros/humble/share/rosidl_adapter/cmake)\n'}
[0.782673] (serial_motor_demo_msgs) StdoutLine: {'line': b'-- Using all available rosidl_typesupport_cpp: rosidl_typesupport_fastrtps_cpp;rosidl_typesupport_introspection_cpp\n'}
[0.800883] (-) TimerEvent: {}
[0.901250] (-) TimerEvent: {}
[1.001595] (-) TimerEvent: {}
[1.022992] (serial_motor_demo_msgs) StdoutLine: {'line': b'-- Found ament_cmake_ros: 0.10.0 (/opt/ros/humble/share/ament_cmake_ros/cmake)\n'}
[1.101720] (-) TimerEvent: {}
[1.202075] (-) TimerEvent: {}
[1.220732] (serial_motor_demo_msgs) StdoutLine: {'line': b'-- Using all available rosidl_typesupport_c: rosidl_typesupport_fastrtps_c;rosidl_typesupport_introspection_c\n'}
[1.302178] (-) TimerEvent: {}
[1.402724] (-) TimerEvent: {}
[1.468139] (serial_motor_demo_msgs) StdoutLine: {'line': b'-- Using all available rosidl_typesupport_cpp: rosidl_typesupport_fastrtps_cpp;rosidl_typesupport_introspection_cpp\n'}
[1.492512] (serial_motor_demo_msgs) StdoutLine: {'line': b'-- Found PythonInterp: /usr/bin/python3 (found suitable version "3.10.12", minimum required is "3.6") \n'}
[1.494025] (serial_motor_demo_msgs) StdoutLine: {'line': b'-- Found python_cmake_module: 0.10.0 (/opt/ros/humble/share/python_cmake_module/cmake)\n'}
[1.502851] (-) TimerEvent: {}
[1.520133] (serial_motor_demo_msgs) StdoutLine: {'line': b'-- Found PythonLibs: /usr/lib/x86_64-linux-gnu/libpython3.10.so (found suitable version "3.10.12", minimum required is "3.5") \n'}
[1.520408] (serial_motor_demo_msgs) StdoutLine: {'line': b'-- Using PYTHON_EXECUTABLE: /usr/bin/python3\n'}
[1.520530] (serial_motor_demo_msgs) StdoutLine: {'line': b'-- Using PYTHON_INCLUDE_DIRS: /usr/include/python3.10\n'}
[1.520638] (serial_motor_demo_msgs) StdoutLine: {'line': b'-- Using PYTHON_LIBRARIES: /usr/lib/x86_64-linux-gnu/libpython3.10.so\n'}
[1.543149] (serial_motor_demo_msgs) StdoutLine: {'line': b'-- Found PythonExtra: .so  \n'}
[1.581229] (serial_motor_demo_msgs) StdoutLine: {'line': b"-- Added test 'copyright' to check source files copyright and LICENSE\n"}
[1.583127] (serial_motor_demo_msgs) StdoutLine: {'line': b"-- Added test 'lint_cmake' to check CMake code style\n"}
[1.584238] (serial_motor_demo_msgs) StdoutLine: {'line': b"-- Added test 'xmllint' to check XML markup files\n"}
[1.590537] (serial_motor_demo_msgs) StdoutLine: {'line': b'-- Configuring done\n'}
[1.602969] (-) TimerEvent: {}
[1.630009] (serial_motor_demo_msgs) StdoutLine: {'line': b'-- Generating done\n'}
[1.634128] (serial_motor_demo_msgs) StdoutLine: {'line': b'-- Build files have been written to: /home/jani/rosdev/Janabot/build/serial_motor_demo_msgs\n'}
[1.642515] (serial_motor_demo_msgs) CommandEnded: {'returncode': 0}
[1.644722] (serial_motor_demo_msgs) JobProgress: {'identifier': 'serial_motor_demo_msgs', 'progress': 'build'}
[1.645267] (serial_motor_demo_msgs) Command: {'cmd': ['/usr/bin/cmake', '--build', '/home/jani/rosdev/Janabot/build/serial_motor_demo_msgs', '--', '-j4', '-l4'], 'cwd': '/home/jani/rosdev/Janabot/build/serial_motor_demo_msgs', 'env': OrderedDict([('LESSOPEN', '| /usr/bin/lesspipe %s'), ('VSCODE_CWD', '/home/jani'), ('USER', 'jani'), ('SSH_CLIENT', '192.168.9.128 50596 22'), ('LC_TIME', 'hu_HU.UTF-8'), ('VSCODE_NLS_CONFIG', '{"locale":"en","osLocale":"en","availableLanguages":{}}'), ('VSCODE_HANDLES_UNCAUGHT_ERRORS', 'true'), ('XDG_SESSION_TYPE', 'tty'), ('GIT_ASKPASS', '/home/jani/.vscode-server/bin/6c3e3dba23e8fadc360aed75ce363ba185c49794/extensions/git/dist/askpass.sh'), ('SHLVL', '0'), ('LD_LIBRARY_PATH', '/usr/lib/x86_64-linux-gnu/gazebo-11/plugins:/opt/ros/humble/opt/rviz_ogre_vendor/lib:/opt/ros/humble/lib/x86_64-linux-gnu:/opt/ros/humble/lib'), ('BROWSER', '/home/jani/.vscode-server/bin/6c3e3dba23e8fadc360aed75ce363ba185c49794/bin/helpers/browser.sh'), ('MOTD_SHOWN', 'pam'), ('HOME', '/home/jani'), ('TERM_PROGRAM_VERSION', '1.81.1'), ('VSCODE_IPC_HOOK_CLI', '/run/user/1000/vscode-ipc-863220e9-87af-4ad8-a6e5-5fac748b124e.sock'), ('APPLICATION_INSIGHTS_NO_DIAGNOSTIC_CHANNEL', '1'), ('ROS_PYTHON_VERSION', '3'), ('VSCODE_GIT_ASKPASS_MAIN', '/home/jani/.vscode-server/bin/6c3e3dba23e8fadc360aed75ce363ba185c49794/extensions/git/dist/askpass-main.js'), ('LC_MONETARY', 'hu_HU.UTF-8'), ('VSCODE_GIT_ASKPASS_NODE', '/home/jani/.vscode-server/bin/6c3e3dba23e8fadc360aed75ce363ba185c49794/node'), ('DBUS_SESSION_BUS_ADDRESS', 'unix:path=/run/user/1000/bus'), ('COLORTERM', 'truecolor'), ('VSCODE_L10N_BUNDLE_LOCATION', ''), ('ROS_DISTRO', 'humble'), ('LOGNAME', 'jani'), ('VSCODE_HANDLES_SIGPIPE', 'true'), ('_', '/usr/bin/colcon'), ('ROS_VERSION', '2'), ('XDG_SESSION_CLASS', 'user'), ('TERM', 'xterm-256color'), ('XDG_SESSION_ID', '7'), ('ROS_LOCALHOST_ONLY', '0'), ('PATH', '/home/jani/.vscode-server/bin/6c3e3dba23e8fadc360aed75ce363ba185c49794/bin/remote-cli:/home/jani/.local/bin:/opt/ros/humble/bin:/usr/local/sbin:/usr/local/bin:/usr/sbin:/usr/bin:/sbin:/bin:/usr/games:/usr/local/games:/snap/bin'), ('VSCODE_AMD_ENTRYPOINT', 'vs/workbench/api/node/extensionHostProcess'), ('VSCODE_AGENT_FOLDER', '/home/jani/.vscode-server'), ('LC_ADDRESS', 'hu_HU.UTF-8'), ('XDG_RUNTIME_DIR', '/run/user/1000'), ('LANG', 'en_US.UTF-8'), ('LC_TELEPHONE', 'hu_HU.UTF-8'), ('LS_COLORS', ''), ('VSCODE_GIT_IPC_HANDLE', '/run/user/1000/vscode-git-267a101fd2.sock'), ('TERM_PROGRAM', 'vscode'), ('AMENT_PREFIX_PATH', '/opt/ros/humble'), ('SHELL', '/bin/bash'), ('LC_NAME', 'hu_HU.UTF-8'), ('ELECTRON_RUN_AS_NODE', '1'), ('LESSCLOSE', '/usr/bin/lesspipe %s %s'), ('LC_MEASUREMENT', 'hu_HU.UTF-8'), ('LC_IDENTIFICATION', 'hu_HU.UTF-8'), ('VSCODE_GIT_ASKPASS_EXTRA_ARGS', ''), ('PWD', '/home/jani/rosdev/Janabot/build/serial_motor_demo_msgs'), ('SSH_CONNECTION', '192.168.9.128 50596 192.168.9.248 22'), ('XDG_DATA_DIRS', '/usr/share/gnome:/usr/local/share:/usr/share:/var/lib/snapd/desktop'), ('PYTHONPATH', '/opt/ros/humble/lib/python3.10/site-packages:/opt/ros/humble/local/lib/python3.10/dist-packages'), ('LC_NUMERIC', 'hu_HU.UTF-8'), ('LC_PAPER', 'hu_HU.UTF-8'), ('COLCON', '1'), ('CMAKE_PREFIX_PATH', '/opt/ros/humble')]), 'shell': False}
[1.689845] (serial_motor_demo_msgs) StdoutLine: {'line': b'[  2%] \x1b[34m\x1b[1mGenerating C code for ROS interfaces\x1b[0m\n'}
[1.698656] (serial_motor_demo_msgs) StdoutLine: {'line': b'[  4%] \x1b[34m\x1b[1mGenerating C++ code for ROS interfaces\x1b[0m\n'}
[1.703068] (-) TimerEvent: {}
[1.719961] (serial_motor_demo_msgs) StdoutLine: {'line': b'[  4%] Built target ament_cmake_python_symlink_serial_motor_demo_msgs\n'}
[1.803170] (-) TimerEvent: {}
[1.903859] (-) TimerEvent: {}
[2.004566] (-) TimerEvent: {}
[2.105295] (-) TimerEvent: {}
[2.127452] (serial_motor_demo_msgs) StdoutLine: {'line': b'running egg_info\n'}
[2.128181] (serial_motor_demo_msgs) StdoutLine: {'line': b'creating serial_motor_demo_msgs.egg-info\n'}
[2.128416] (serial_motor_demo_msgs) StdoutLine: {'line': b'writing serial_motor_demo_msgs.egg-info/PKG-INFO\n'}
[2.128624] (serial_motor_demo_msgs) StdoutLine: {'line': b'writing dependency_links to serial_motor_demo_msgs.egg-info/dependency_links.txt\n'}
[2.128833] (serial_motor_demo_msgs) StdoutLine: {'line': b'writing top-level names to serial_motor_demo_msgs.egg-info/top_level.txt\n'}
[2.129202] (serial_motor_demo_msgs) StdoutLine: {'line': b"writing manifest file 'serial_motor_demo_msgs.egg-info/SOURCES.txt'\n"}
[2.131706] (serial_motor_demo_msgs) StdoutLine: {'line': b"reading manifest file 'serial_motor_demo_msgs.egg-info/SOURCES.txt'\n"}
[2.132435] (serial_motor_demo_msgs) StdoutLine: {'line': b"writing manifest file 'serial_motor_demo_msgs.egg-info/SOURCES.txt'\n"}
[2.166105] (serial_motor_demo_msgs) StdoutLine: {'line': b'[  4%] Built target ament_cmake_python_build_serial_motor_demo_msgs_egg\n'}
[2.205436] (-) TimerEvent: {}
[2.287573] (serial_motor_demo_msgs) StdoutLine: {'line': b'[  4%] Built target serial_motor_demo_msgs__cpp\n'}
[2.303415] (serial_motor_demo_msgs) StdoutLine: {'line': b'[  8%] \x1b[34m\x1b[1mGenerating C++ introspection for ROS interfaces\x1b[0m\n'}
[2.304323] (serial_motor_demo_msgs) StdoutLine: {'line': b'[  8%] \x1b[34m\x1b[1mGenerating C++ type support for eProsima Fast-RTPS\x1b[0m\n'}
[2.305627] (-) TimerEvent: {}
[2.306125] (serial_motor_demo_msgs) StdoutLine: {'line': b'[ 10%] \x1b[34m\x1b[1mGenerating C++ type support dispatch for ROS interfaces\x1b[0m\n'}
[2.405732] (-) TimerEvent: {}
[2.506246] (-) TimerEvent: {}
[2.517288] (serial_motor_demo_msgs) StdoutLine: {'line': b'[ 12%] \x1b[32mBuilding C object CMakeFiles/serial_motor_demo_msgs__rosidl_generator_c.dir/rosidl_generator_c/serial_motor_demo_msgs/msg/detail/motor_command__functions.c.o\x1b[0m\n'}
[2.606345] (-) TimerEvent: {}
[2.660665] (serial_motor_demo_msgs) StdoutLine: {'line': b'[ 14%] \x1b[32mBuilding C object CMakeFiles/serial_motor_demo_msgs__rosidl_generator_c.dir/rosidl_generator_c/serial_motor_demo_msgs/msg/detail/motor_vels__functions.c.o\x1b[0m\n'}
[2.706451] (-) TimerEvent: {}
[2.802515] (serial_motor_demo_msgs) StdoutLine: {'line': b'[ 17%] \x1b[32mBuilding C object CMakeFiles/serial_motor_demo_msgs__rosidl_generator_c.dir/rosidl_generator_c/serial_motor_demo_msgs/msg/detail/encoder_vals__functions.c.o\x1b[0m\n'}
[2.806573] (-) TimerEvent: {}
[2.811804] (serial_motor_demo_msgs) StdoutLine: {'line': b'[ 19%] \x1b[32mBuilding CXX object CMakeFiles/serial_motor_demo_msgs__rosidl_typesupport_cpp.dir/rosidl_typesupport_cpp/serial_motor_demo_msgs/msg/motor_command__type_support.cpp.o\x1b[0m\n'}
[2.906688] (-) TimerEvent: {}
[2.915330] (serial_motor_demo_msgs) StdoutLine: {'line': b'[ 21%] \x1b[32mBuilding CXX object CMakeFiles/serial_motor_demo_msgs__rosidl_typesupport_introspection_cpp.dir/rosidl_typesupport_introspection_cpp/serial_motor_demo_msgs/msg/detail/motor_command__type_support.cpp.o\x1b[0m\n'}
[2.948877] (serial_motor_demo_msgs) StdoutLine: {'line': b'[ 23%] \x1b[32m\x1b[1mLinking C shared library libserial_motor_demo_msgs__rosidl_generator_c.so\x1b[0m\n'}
[3.006797] (-) TimerEvent: {}
[3.023652] (serial_motor_demo_msgs) StdoutLine: {'line': b'[ 23%] Built target serial_motor_demo_msgs__rosidl_generator_c\n'}
[3.048255] (serial_motor_demo_msgs) StdoutLine: {'line': b'[ 25%] \x1b[32mBuilding CXX object CMakeFiles/serial_motor_demo_msgs__rosidl_typesupport_fastrtps_cpp.dir/rosidl_typesupport_fastrtps_cpp/serial_motor_demo_msgs/msg/detail/dds_fastrtps/motor_command__type_support.cpp.o\x1b[0m\n'}
[3.061341] (serial_motor_demo_msgs) StdoutLine: {'line': b'[ 27%] \x1b[34m\x1b[1mGenerating C type support for eProsima Fast-RTPS\x1b[0m\n'}
[3.106907] (-) TimerEvent: {}
[3.207404] (-) TimerEvent: {}
[3.307933] (-) TimerEvent: {}
[3.408444] (-) TimerEvent: {}
[3.422384] (serial_motor_demo_msgs) StdoutLine: {'line': b'[ 29%] \x1b[32mBuilding CXX object CMakeFiles/serial_motor_demo_msgs__rosidl_typesupport_cpp.dir/rosidl_typesupport_cpp/serial_motor_demo_msgs/msg/motor_vels__type_support.cpp.o\x1b[0m\n'}
[3.508550] (-) TimerEvent: {}
[3.608881] (-) TimerEvent: {}
[3.709672] (-) TimerEvent: {}
[3.810418] (-) TimerEvent: {}
[3.862474] (serial_motor_demo_msgs) StdoutLine: {'line': b'[ 31%] \x1b[32mBuilding CXX object CMakeFiles/serial_motor_demo_msgs__rosidl_typesupport_introspection_cpp.dir/rosidl_typesupport_introspection_cpp/serial_motor_demo_msgs/msg/detail/motor_vels__type_support.cpp.o\x1b[0m\n'}
[3.910529] (-) TimerEvent: {}
[3.986387] (serial_motor_demo_msgs) StdoutLine: {'line': b'[ 34%] \x1b[32mBuilding CXX object CMakeFiles/serial_motor_demo_msgs__rosidl_typesupport_fastrtps_c.dir/rosidl_typesupport_fastrtps_c/serial_motor_demo_msgs/msg/detail/motor_command__type_support_c.cpp.o\x1b[0m\n'}
[4.010643] (-) TimerEvent: {}
[4.111420] (-) TimerEvent: {}
[4.140050] (serial_motor_demo_msgs) StdoutLine: {'line': b'[ 36%] \x1b[32mBuilding CXX object CMakeFiles/serial_motor_demo_msgs__rosidl_typesupport_cpp.dir/rosidl_typesupport_cpp/serial_motor_demo_msgs/msg/encoder_vals__type_support.cpp.o\x1b[0m\n'}
[4.211559] (-) TimerEvent: {}
[4.272339] (serial_motor_demo_msgs) StdoutLine: {'line': b'[ 38%] \x1b[32mBuilding CXX object CMakeFiles/serial_motor_demo_msgs__rosidl_typesupport_fastrtps_cpp.dir/rosidl_typesupport_fastrtps_cpp/serial_motor_demo_msgs/msg/detail/dds_fastrtps/motor_vels__type_support.cpp.o\x1b[0m\n'}
[4.311663] (-) TimerEvent: {}
[4.412010] (-) TimerEvent: {}
[4.512500] (-) TimerEvent: {}
[4.613226] (-) TimerEvent: {}
[4.714467] (serial_motor_demo_msgs) StdoutLine: {'line': b'[ 40%] \x1b[32mBuilding CXX object CMakeFiles/serial_motor_demo_msgs__rosidl_typesupport_introspection_cpp.dir/rosidl_typesupport_introspection_cpp/serial_motor_demo_msgs/msg/detail/encoder_vals__type_support.cpp.o\x1b[0m\n'}
[4.715888] (-) TimerEvent: {}
[4.816313] (-) TimerEvent: {}
[4.825156] (serial_motor_demo_msgs) StdoutLine: {'line': b'[ 42%] \x1b[32m\x1b[1mLinking CXX shared library libserial_motor_demo_msgs__rosidl_typesupport_cpp.so\x1b[0m\n'}
[4.903966] (serial_motor_demo_msgs) StdoutLine: {'line': b'[ 42%] Built target serial_motor_demo_msgs__rosidl_typesupport_cpp\n'}
[4.916432] (-) TimerEvent: {}
[4.921093] (serial_motor_demo_msgs) StdoutLine: {'line': b'[ 44%] \x1b[34m\x1b[1mGenerating C introspection for ROS interfaces\x1b[0m\n'}
[5.016547] (-) TimerEvent: {}
[5.117349] (-) TimerEvent: {}
[5.170839] (serial_motor_demo_msgs) StdoutLine: {'line': b'[ 46%] \x1b[32mBuilding CXX object CMakeFiles/serial_motor_demo_msgs__rosidl_typesupport_fastrtps_c.dir/rosidl_typesupport_fastrtps_c/serial_motor_demo_msgs/msg/detail/motor_vels__type_support_c.cpp.o\x1b[0m\n'}
[5.217451] (-) TimerEvent: {}
[5.318206] (-) TimerEvent: {}
[5.418932] (-) TimerEvent: {}
[5.453667] (serial_motor_demo_msgs) StdoutLine: {'line': b'[ 48%] \x1b[32mBuilding CXX object CMakeFiles/serial_motor_demo_msgs__rosidl_typesupport_fastrtps_cpp.dir/rosidl_typesupport_fastrtps_cpp/serial_motor_demo_msgs/msg/detail/dds_fastrtps/encoder_vals__type_support.cpp.o\x1b[0m\n'}
[5.519052] (-) TimerEvent: {}
[5.576413] (serial_motor_demo_msgs) StdoutLine: {'line': b'[ 51%] \x1b[32m\x1b[1mLinking CXX shared library libserial_motor_demo_msgs__rosidl_typesupport_introspection_cpp.so\x1b[0m\n'}
[5.619183] (-) TimerEvent: {}
[5.700266] (serial_motor_demo_msgs) StdoutLine: {'line': b'[ 51%] Built target serial_motor_demo_msgs__rosidl_typesupport_introspection_cpp\n'}
[5.716914] (serial_motor_demo_msgs) StdoutLine: {'line': b'[ 53%] \x1b[32mBuilding CXX object CMakeFiles/serial_motor_demo_msgs__rosidl_typesupport_fastrtps_c.dir/rosidl_typesupport_fastrtps_c/serial_motor_demo_msgs/msg/detail/encoder_vals__type_support_c.cpp.o\x1b[0m\n'}
[5.719291] (-) TimerEvent: {}
[5.745605] (serial_motor_demo_msgs) StdoutLine: {'line': b'[ 55%] \x1b[32mBuilding C object CMakeFiles/serial_motor_demo_msgs__rosidl_typesupport_introspection_c.dir/rosidl_typesupport_introspection_c/serial_motor_demo_msgs/msg/detail/motor_command__type_support.c.o\x1b[0m\n'}
[5.819392] (-) TimerEvent: {}
[5.919860] (-) TimerEvent: {}
[5.920651] (serial_motor_demo_msgs) StdoutLine: {'line': b'[ 57%] \x1b[32mBuilding C object CMakeFiles/serial_motor_demo_msgs__rosidl_typesupport_introspection_c.dir/rosidl_typesupport_introspection_c/serial_motor_demo_msgs/msg/detail/motor_vels__type_support.c.o\x1b[0m\n'}
[6.019977] (-) TimerEvent: {}
[6.033745] (serial_motor_demo_msgs) StdoutLine: {'line': b'[ 59%] \x1b[32mBuilding C object CMakeFiles/serial_motor_demo_msgs__rosidl_typesupport_introspection_c.dir/rosidl_typesupport_introspection_c/serial_motor_demo_msgs/msg/detail/encoder_vals__type_support.c.o\x1b[0m\n'}
[6.092223] (serial_motor_demo_msgs) StdoutLine: {'line': b'[ 61%] \x1b[34m\x1b[1mGenerating C type support dispatch for ROS interfaces\x1b[0m\n'}
[6.120087] (-) TimerEvent: {}
[6.140492] (serial_motor_demo_msgs) StdoutLine: {'line': b'[ 63%] \x1b[32m\x1b[1mLinking C shared library libserial_motor_demo_msgs__rosidl_typesupport_introspection_c.so\x1b[0m\n'}
[6.220203] (-) TimerEvent: {}
[6.329158] (serial_motor_demo_msgs) StdoutLine: {'line': b'[ 63%] Built target serial_motor_demo_msgs__rosidl_typesupport_introspection_c\n'}
[6.329415] (-) TimerEvent: {}
[6.429874] (-) TimerEvent: {}
[6.463323] (serial_motor_demo_msgs) StdoutLine: {'line': b'[ 65%] \x1b[32m\x1b[1mLinking CXX shared library libserial_motor_demo_msgs__rosidl_typesupport_fastrtps_cpp.so\x1b[0m\n'}
[6.509384] (serial_motor_demo_msgs) StdoutLine: {'line': b'[ 68%] \x1b[32m\x1b[1mLinking CXX shared library libserial_motor_demo_msgs__rosidl_typesupport_fastrtps_c.so\x1b[0m\n'}
[6.530425] (-) TimerEvent: {}
[6.631293] (-) TimerEvent: {}
[6.647385] (serial_motor_demo_msgs) StdoutLine: {'line': b'[ 68%] Built target serial_motor_demo_msgs__rosidl_typesupport_fastrtps_cpp\n'}
[6.668375] (serial_motor_demo_msgs) StdoutLine: {'line': b'[ 70%] \x1b[32mBuilding CXX object CMakeFiles/serial_motor_demo_msgs__rosidl_typesupport_c.dir/rosidl_typesupport_c/serial_motor_demo_msgs/msg/motor_vels__type_support.cpp.o\x1b[0m\n'}
[6.670291] (serial_motor_demo_msgs) StdoutLine: {'line': b'[ 72%] \x1b[32mBuilding CXX object CMakeFiles/serial_motor_demo_msgs__rosidl_typesupport_c.dir/rosidl_typesupport_c/serial_motor_demo_msgs/msg/motor_command__type_support.cpp.o\x1b[0m\n'}
[6.678904] (serial_motor_demo_msgs) StdoutLine: {'line': b'[ 72%] Built target serial_motor_demo_msgs__rosidl_typesupport_fastrtps_c\n'}
[6.683239] (serial_motor_demo_msgs) StdoutLine: {'line': b'[ 74%] \x1b[32mBuilding CXX object CMakeFiles/serial_motor_demo_msgs__rosidl_typesupport_c.dir/rosidl_typesupport_c/serial_motor_demo_msgs/msg/encoder_vals__type_support.cpp.o\x1b[0m\n'}
[6.729016] (serial_motor_demo_msgs) StdoutLine: {'line': b'[ 76%] \x1b[32m\x1b[1mLinking CXX shared library libserial_motor_demo_msgs__rosidl_typesupport_c.so\x1b[0m\n'}
[6.731394] (-) TimerEvent: {}
[6.774253] (serial_motor_demo_msgs) StdoutLine: {'line': b'[ 76%] Built target serial_motor_demo_msgs__rosidl_typesupport_c\n'}
[6.795066] (serial_motor_demo_msgs) StdoutLine: {'line': b'[ 76%] Built target serial_motor_demo_msgs\n'}
[6.816754] (serial_motor_demo_msgs) StdoutLine: {'line': b'[ 78%] \x1b[34m\x1b[1mGenerating Python code for ROS interfaces\x1b[0m\n'}
[6.831500] (-) TimerEvent: {}
[6.932130] (-) TimerEvent: {}
[7.032465] (-) TimerEvent: {}
[7.132833] (-) TimerEvent: {}
[7.233177] (-) TimerEvent: {}
[7.310812] (serial_motor_demo_msgs) StdoutLine: {'line': b'[ 78%] Built target serial_motor_demo_msgs__py\n'}
[7.332946] (serial_motor_demo_msgs) StdoutLine: {'line': b'[ 80%] \x1b[32mBuilding C object CMakeFiles/serial_motor_demo_msgs__rosidl_generator_py.dir/rosidl_generator_py/serial_motor_demo_msgs/msg/_motor_vels_s.c.o\x1b[0m\n'}
[7.333767] (-) TimerEvent: {}
[7.336167] (serial_motor_demo_msgs) StdoutLine: {'line': b'[ 85%] \x1b[32mBuilding C object CMakeFiles/serial_motor_demo_msgs__rosidl_generator_py.dir/rosidl_generator_py/serial_motor_demo_msgs/msg/_motor_command_s.c.o\x1b[0m\n'}
[7.337297] (serial_motor_demo_msgs) StdoutLine: {'line': b'[ 85%] \x1b[32mBuilding C object CMakeFiles/serial_motor_demo_msgs__rosidl_generator_py.dir/rosidl_generator_py/serial_motor_demo_msgs/msg/_encoder_vals_s.c.o\x1b[0m\n'}
[7.433885] (-) TimerEvent: {}
[7.525970] (serial_motor_demo_msgs) StdoutLine: {'line': b'[ 87%] \x1b[32m\x1b[1mLinking C shared library rosidl_generator_py/serial_motor_demo_msgs/libserial_motor_demo_msgs__rosidl_generator_py.so\x1b[0m\n'}
[7.533989] (-) TimerEvent: {}
[7.569150] (serial_motor_demo_msgs) StdoutLine: {'line': b'[ 87%] Built target serial_motor_demo_msgs__rosidl_generator_py\n'}
[7.596956] (serial_motor_demo_msgs) StdoutLine: {'line': b'[ 89%] \x1b[32mBuilding C object CMakeFiles/serial_motor_demo_msgs__rosidl_typesupport_fastrtps_c__pyext.dir/rosidl_generator_py/serial_motor_demo_msgs/_serial_motor_demo_msgs_s.ep.rosidl_typesupport_fastrtps_c.c.o\x1b[0m\n'}
[7.598558] (serial_motor_demo_msgs) StdoutLine: {'line': b'[ 91%] \x1b[32mBuilding C object CMakeFiles/serial_motor_demo_msgs__rosidl_typesupport_introspection_c__pyext.dir/rosidl_generator_py/serial_motor_demo_msgs/_serial_motor_demo_msgs_s.ep.rosidl_typesupport_introspection_c.c.o\x1b[0m\n'}
[7.599900] (serial_motor_demo_msgs) StdoutLine: {'line': b'[ 93%] \x1b[32mBuilding C object CMakeFiles/serial_motor_demo_msgs__rosidl_typesupport_c__pyext.dir/rosidl_generator_py/serial_motor_demo_msgs/_serial_motor_demo_msgs_s.ep.rosidl_typesupport_c.c.o\x1b[0m\n'}
[7.634106] (-) TimerEvent: {}
[7.734693] (-) TimerEvent: {}
[7.761660] (serial_motor_demo_msgs) StdoutLine: {'line': b'[ 95%] \x1b[32m\x1b[1mLinking C shared library rosidl_generator_py/serial_motor_demo_msgs/serial_motor_demo_msgs_s__rosidl_typesupport_fastrtps_c.cpython-310-x86_64-linux-gnu.so\x1b[0m\n'}
[7.821135] (serial_motor_demo_msgs) StdoutLine: {'line': b'[ 95%] Built target serial_motor_demo_msgs__rosidl_typesupport_fastrtps_c__pyext\n'}
[7.834802] (-) TimerEvent: {}
[7.838386] (serial_motor_demo_msgs) StdoutLine: {'line': b'[ 97%] \x1b[32m\x1b[1mLinking C shared library rosidl_generator_py/serial_motor_demo_msgs/serial_motor_demo_msgs_s__rosidl_typesupport_c.cpython-310-x86_64-linux-gnu.so\x1b[0m\n'}
[7.840674] (serial_motor_demo_msgs) StdoutLine: {'line': b'[100%] \x1b[32m\x1b[1mLinking C shared library rosidl_generator_py/serial_motor_demo_msgs/serial_motor_demo_msgs_s__rosidl_typesupport_introspection_c.cpython-310-x86_64-linux-gnu.so\x1b[0m\n'}
[7.877331] (serial_motor_demo_msgs) StdoutLine: {'line': b'[100%] Built target serial_motor_demo_msgs__rosidl_typesupport_c__pyext\n'}
[7.878617] (serial_motor_demo_msgs) StdoutLine: {'line': b'[100%] Built target serial_motor_demo_msgs__rosidl_typesupport_introspection_c__pyext\n'}
[7.893951] (serial_motor_demo_msgs) CommandEnded: {'returncode': 0}
[7.935021] (-) TimerEvent: {}
[7.996743] (serial_motor_demo_msgs) JobProgress: {'identifier': 'serial_motor_demo_msgs', 'progress': 'install'}
[8.006213] (serial_motor_demo_msgs) Command: {'cmd': ['/usr/bin/cmake', '--install', '/home/jani/rosdev/Janabot/build/serial_motor_demo_msgs'], 'cwd': '/home/jani/rosdev/Janabot/build/serial_motor_demo_msgs', 'env': OrderedDict([('LESSOPEN', '| /usr/bin/lesspipe %s'), ('VSCODE_CWD', '/home/jani'), ('USER', 'jani'), ('SSH_CLIENT', '192.168.9.128 50596 22'), ('LC_TIME', 'hu_HU.UTF-8'), ('VSCODE_NLS_CONFIG', '{"locale":"en","osLocale":"en","availableLanguages":{}}'), ('VSCODE_HANDLES_UNCAUGHT_ERRORS', 'true'), ('XDG_SESSION_TYPE', 'tty'), ('GIT_ASKPASS', '/home/jani/.vscode-server/bin/6c3e3dba23e8fadc360aed75ce363ba185c49794/extensions/git/dist/askpass.sh'), ('SHLVL', '0'), ('LD_LIBRARY_PATH', '/usr/lib/x86_64-linux-gnu/gazebo-11/plugins:/opt/ros/humble/opt/rviz_ogre_vendor/lib:/opt/ros/humble/lib/x86_64-linux-gnu:/opt/ros/humble/lib'), ('BROWSER', '/home/jani/.vscode-server/bin/6c3e3dba23e8fadc360aed75ce363ba185c49794/bin/helpers/browser.sh'), ('MOTD_SHOWN', 'pam'), ('HOME', '/home/jani'), ('TERM_PROGRAM_VERSION', '1.81.1'), ('VSCODE_IPC_HOOK_CLI', '/run/user/1000/vscode-ipc-863220e9-87af-4ad8-a6e5-5fac748b124e.sock'), ('APPLICATION_INSIGHTS_NO_DIAGNOSTIC_CHANNEL', '1'), ('ROS_PYTHON_VERSION', '3'), ('VSCODE_GIT_ASKPASS_MAIN', '/home/jani/.vscode-server/bin/6c3e3dba23e8fadc360aed75ce363ba185c49794/extensions/git/dist/askpass-main.js'), ('LC_MONETARY', 'hu_HU.UTF-8'), ('VSCODE_GIT_ASKPASS_NODE', '/home/jani/.vscode-server/bin/6c3e3dba23e8fadc360aed75ce363ba185c49794/node'), ('DBUS_SESSION_BUS_ADDRESS', 'unix:path=/run/user/1000/bus'), ('COLORTERM', 'truecolor'), ('VSCODE_L10N_BUNDLE_LOCATION', ''), ('ROS_DISTRO', 'humble'), ('LOGNAME', 'jani'), ('VSCODE_HANDLES_SIGPIPE', 'true'), ('_', '/usr/bin/colcon'), ('ROS_VERSION', '2'), ('XDG_SESSION_CLASS', 'user'), ('TERM', 'xterm-256color'), ('XDG_SESSION_ID', '7'), ('ROS_LOCALHOST_ONLY', '0'), ('PATH', '/home/jani/.vscode-server/bin/6c3e3dba23e8fadc360aed75ce363ba185c49794/bin/remote-cli:/home/jani/.local/bin:/opt/ros/humble/bin:/usr/local/sbin:/usr/local/bin:/usr/sbin:/usr/bin:/sbin:/bin:/usr/games:/usr/local/games:/snap/bin'), ('VSCODE_AMD_ENTRYPOINT', 'vs/workbench/api/node/extensionHostProcess'), ('VSCODE_AGENT_FOLDER', '/home/jani/.vscode-server'), ('LC_ADDRESS', 'hu_HU.UTF-8'), ('XDG_RUNTIME_DIR', '/run/user/1000'), ('LANG', 'en_US.UTF-8'), ('LC_TELEPHONE', 'hu_HU.UTF-8'), ('LS_COLORS', ''), ('VSCODE_GIT_IPC_HANDLE', '/run/user/1000/vscode-git-267a101fd2.sock'), ('TERM_PROGRAM', 'vscode'), ('AMENT_PREFIX_PATH', '/opt/ros/humble'), ('SHELL', '/bin/bash'), ('LC_NAME', 'hu_HU.UTF-8'), ('ELECTRON_RUN_AS_NODE', '1'), ('LESSCLOSE', '/usr/bin/lesspipe %s %s'), ('LC_MEASUREMENT', 'hu_HU.UTF-8'), ('LC_IDENTIFICATION', 'hu_HU.UTF-8'), ('VSCODE_GIT_ASKPASS_EXTRA_ARGS', ''), ('PWD', '/home/jani/rosdev/Janabot/build/serial_motor_demo_msgs'), ('SSH_CONNECTION', '192.168.9.128 50596 192.168.9.248 22'), ('XDG_DATA_DIRS', '/usr/share/gnome:/usr/local/share:/usr/share:/var/lib/snapd/desktop'), ('PYTHONPATH', '/opt/ros/humble/lib/python3.10/site-packages:/opt/ros/humble/local/lib/python3.10/dist-packages'), ('LC_NUMERIC', 'hu_HU.UTF-8'), ('LC_PAPER', 'hu_HU.UTF-8'), ('COLCON', '1'), ('CMAKE_PREFIX_PATH', '/opt/ros/humble')]), 'shell': False}
[8.014317] (serial_motor_demo_msgs) StdoutLine: {'line': b'-- Install configuration: "RelWithDebInfo"\n'}
[8.015021] (serial_motor_demo_msgs) StdoutLine: {'line': b'-- Execute custom install script\n'}
[8.015414] (serial_motor_demo_msgs) StdoutLine: {'line': b'-- Symlinking: /home/jani/rosdev/Janabot/install/serial_motor_demo_msgs/share/ament_index/resource_index/rosidl_interfaces/serial_motor_demo_msgs\n'}
[8.025498] (serial_motor_demo_msgs) StdoutLine: {'line': b'-- Symlinking: /home/jani/rosdev/Janabot/install/serial_motor_demo_msgs/include/serial_motor_demo_msgs/serial_motor_demo_msgs/msg/detail/encoder_vals__functions.h\n'}
[8.034743] (serial_motor_demo_msgs) StdoutLine: {'line': b'-- Symlinking: /home/jani/rosdev/Janabot/install/serial_motor_demo_msgs/include/serial_motor_demo_msgs/serial_motor_demo_msgs/msg/detail/encoder_vals__struct.h\n'}
[8.035087] (-) TimerEvent: {}
[8.044213] (serial_motor_demo_msgs) StdoutLine: {'line': b'-- Symlinking: /home/jani/rosdev/Janabot/install/serial_motor_demo_msgs/include/serial_motor_demo_msgs/serial_motor_demo_msgs/msg/detail/encoder_vals__type_support.h\n'}
[8.053354] (serial_motor_demo_msgs) StdoutLine: {'line': b'-- Symlinking: /home/jani/rosdev/Janabot/install/serial_motor_demo_msgs/include/serial_motor_demo_msgs/serial_motor_demo_msgs/msg/detail/motor_command__functions.h\n'}
[8.063560] (serial_motor_demo_msgs) StdoutLine: {'line': b'-- Symlinking: /home/jani/rosdev/Janabot/install/serial_motor_demo_msgs/include/serial_motor_demo_msgs/serial_motor_demo_msgs/msg/detail/motor_command__struct.h\n'}
[8.073809] (serial_motor_demo_msgs) StdoutLine: {'line': b'-- Symlinking: /home/jani/rosdev/Janabot/install/serial_motor_demo_msgs/include/serial_motor_demo_msgs/serial_motor_demo_msgs/msg/detail/motor_command__type_support.h\n'}
[8.083185] (serial_motor_demo_msgs) StdoutLine: {'line': b'-- Symlinking: /home/jani/rosdev/Janabot/install/serial_motor_demo_msgs/include/serial_motor_demo_msgs/serial_motor_demo_msgs/msg/detail/motor_vels__functions.h\n'}
[8.092382] (serial_motor_demo_msgs) StdoutLine: {'line': b'-- Symlinking: /home/jani/rosdev/Janabot/install/serial_motor_demo_msgs/include/serial_motor_demo_msgs/serial_motor_demo_msgs/msg/detail/motor_vels__struct.h\n'}
[8.101463] (serial_motor_demo_msgs) StdoutLine: {'line': b'-- Symlinking: /home/jani/rosdev/Janabot/install/serial_motor_demo_msgs/include/serial_motor_demo_msgs/serial_motor_demo_msgs/msg/detail/motor_vels__type_support.h\n'}
[8.110795] (serial_motor_demo_msgs) StdoutLine: {'line': b'-- Symlinking: /home/jani/rosdev/Janabot/install/serial_motor_demo_msgs/include/serial_motor_demo_msgs/serial_motor_demo_msgs/msg/encoder_vals.h\n'}
[8.119904] (serial_motor_demo_msgs) StdoutLine: {'line': b'-- Symlinking: /home/jani/rosdev/Janabot/install/serial_motor_demo_msgs/include/serial_motor_demo_msgs/serial_motor_demo_msgs/msg/motor_command.h\n'}
[8.129373] (serial_motor_demo_msgs) StdoutLine: {'line': b'-- Symlinking: /home/jani/rosdev/Janabot/install/serial_motor_demo_msgs/include/serial_motor_demo_msgs/serial_motor_demo_msgs/msg/motor_vels.h\n'}
[8.135199] (-) TimerEvent: {}
[8.138991] (serial_motor_demo_msgs) StdoutLine: {'line': b'-- Symlinking: /home/jani/rosdev/Janabot/install/serial_motor_demo_msgs/include/serial_motor_demo_msgs/serial_motor_demo_msgs/msg/rosidl_generator_c__visibility_control.h\n'}
[8.148429] (serial_motor_demo_msgs) StdoutLine: {'line': b'-- Symlinking: /home/jani/rosdev/Janabot/install/serial_motor_demo_msgs/share/serial_motor_demo_msgs/environment/library_path.sh\n'}
[8.157584] (serial_motor_demo_msgs) StdoutLine: {'line': b'-- Symlinking: /home/jani/rosdev/Janabot/install/serial_motor_demo_msgs/share/serial_motor_demo_msgs/environment/library_path.dsv\n'}
[8.167069] (serial_motor_demo_msgs) StdoutLine: {'line': b'-- Symlinking: /home/jani/rosdev/Janabot/install/serial_motor_demo_msgs/include/serial_motor_demo_msgs/serial_motor_demo_msgs/msg/detail/encoder_vals__rosidl_typesupport_fastrtps_c.h\n'}
[8.176264] (serial_motor_demo_msgs) StdoutLine: {'line': b'-- Symlinking: /home/jani/rosdev/Janabot/install/serial_motor_demo_msgs/include/serial_motor_demo_msgs/serial_motor_demo_msgs/msg/detail/motor_command__rosidl_typesupport_fastrtps_c.h\n'}
[8.185490] (serial_motor_demo_msgs) StdoutLine: {'line': b'-- Symlinking: /home/jani/rosdev/Janabot/install/serial_motor_demo_msgs/include/serial_motor_demo_msgs/serial_motor_demo_msgs/msg/detail/motor_vels__rosidl_typesupport_fastrtps_c.h\n'}
[8.195833] (serial_motor_demo_msgs) StdoutLine: {'line': b'-- Symlinking: /home/jani/rosdev/Janabot/install/serial_motor_demo_msgs/include/serial_motor_demo_msgs/serial_motor_demo_msgs/msg/rosidl_typesupport_fastrtps_c__visibility_control.h\n'}
[8.205256] (serial_motor_demo_msgs) StdoutLine: {'line': b'-- Symlinking: /home/jani/rosdev/Janabot/install/serial_motor_demo_msgs/include/serial_motor_demo_msgs/serial_motor_demo_msgs/msg/detail/encoder_vals__rosidl_typesupport_introspection_c.h\n'}
[8.214585] (serial_motor_demo_msgs) StdoutLine: {'line': b'-- Symlinking: /home/jani/rosdev/Janabot/install/serial_motor_demo_msgs/include/serial_motor_demo_msgs/serial_motor_demo_msgs/msg/detail/motor_command__rosidl_typesupport_introspection_c.h\n'}
[8.223816] (serial_motor_demo_msgs) StdoutLine: {'line': b'-- Symlinking: /home/jani/rosdev/Janabot/install/serial_motor_demo_msgs/include/serial_motor_demo_msgs/serial_motor_demo_msgs/msg/detail/motor_vels__rosidl_typesupport_introspection_c.h\n'}
[8.233038] (serial_motor_demo_msgs) StdoutLine: {'line': b'-- Symlinking: /home/jani/rosdev/Janabot/install/serial_motor_demo_msgs/include/serial_motor_demo_msgs/serial_motor_demo_msgs/msg/rosidl_typesupport_introspection_c__visibility_control.h\n'}
[8.235268] (-) TimerEvent: {}
[8.242836] (serial_motor_demo_msgs) StdoutLine: {'line': b'-- Symlinking: /home/jani/rosdev/Janabot/install/serial_motor_demo_msgs/include/serial_motor_demo_msgs/serial_motor_demo_msgs/msg/detail/encoder_vals__builder.hpp\n'}
[8.252116] (serial_motor_demo_msgs) StdoutLine: {'line': b'-- Symlinking: /home/jani/rosdev/Janabot/install/serial_motor_demo_msgs/include/serial_motor_demo_msgs/serial_motor_demo_msgs/msg/detail/encoder_vals__struct.hpp\n'}
[8.261295] (serial_motor_demo_msgs) StdoutLine: {'line': b'-- Symlinking: /home/jani/rosdev/Janabot/install/serial_motor_demo_msgs/include/serial_motor_demo_msgs/serial_motor_demo_msgs/msg/detail/encoder_vals__traits.hpp\n'}
[8.270965] (serial_motor_demo_msgs) StdoutLine: {'line': b'-- Symlinking: /home/jani/rosdev/Janabot/install/serial_motor_demo_msgs/include/serial_motor_demo_msgs/serial_motor_demo_msgs/msg/detail/motor_command__builder.hpp\n'}
[8.280213] (serial_motor_demo_msgs) StdoutLine: {'line': b'-- Symlinking: /home/jani/rosdev/Janabot/install/serial_motor_demo_msgs/include/serial_motor_demo_msgs/serial_motor_demo_msgs/msg/detail/motor_command__struct.hpp\n'}
[8.289379] (serial_motor_demo_msgs) StdoutLine: {'line': b'-- Symlinking: /home/jani/rosdev/Janabot/install/serial_motor_demo_msgs/include/serial_motor_demo_msgs/serial_motor_demo_msgs/msg/detail/motor_command__traits.hpp\n'}
[8.298376] (serial_motor_demo_msgs) StdoutLine: {'line': b'-- Symlinking: /home/jani/rosdev/Janabot/install/serial_motor_demo_msgs/include/serial_motor_demo_msgs/serial_motor_demo_msgs/msg/detail/motor_vels__builder.hpp\n'}
[8.307453] (serial_motor_demo_msgs) StdoutLine: {'line': b'-- Symlinking: /home/jani/rosdev/Janabot/install/serial_motor_demo_msgs/include/serial_motor_demo_msgs/serial_motor_demo_msgs/msg/detail/motor_vels__struct.hpp\n'}
[8.316543] (serial_motor_demo_msgs) StdoutLine: {'line': b'-- Symlinking: /home/jani/rosdev/Janabot/install/serial_motor_demo_msgs/include/serial_motor_demo_msgs/serial_motor_demo_msgs/msg/detail/motor_vels__traits.hpp\n'}
[8.326105] (serial_motor_demo_msgs) StdoutLine: {'line': b'-- Symlinking: /home/jani/rosdev/Janabot/install/serial_motor_demo_msgs/include/serial_motor_demo_msgs/serial_motor_demo_msgs/msg/encoder_vals.hpp\n'}
[8.335394] (-) TimerEvent: {}
[8.335876] (serial_motor_demo_msgs) StdoutLine: {'line': b'-- Symlinking: /home/jani/rosdev/Janabot/install/serial_motor_demo_msgs/include/serial_motor_demo_msgs/serial_motor_demo_msgs/msg/motor_command.hpp\n'}
[8.345066] (serial_motor_demo_msgs) StdoutLine: {'line': b'-- Symlinking: /home/jani/rosdev/Janabot/install/serial_motor_demo_msgs/include/serial_motor_demo_msgs/serial_motor_demo_msgs/msg/motor_vels.hpp\n'}
[8.354757] (serial_motor_demo_msgs) StdoutLine: {'line': b'-- Symlinking: /home/jani/rosdev/Janabot/install/serial_motor_demo_msgs/include/serial_motor_demo_msgs/serial_motor_demo_msgs/msg/detail/encoder_vals__rosidl_typesupport_fastrtps_cpp.hpp\n'}
[8.363921] (serial_motor_demo_msgs) StdoutLine: {'line': b'-- Symlinking: /home/jani/rosdev/Janabot/install/serial_motor_demo_msgs/include/serial_motor_demo_msgs/serial_motor_demo_msgs/msg/detail/motor_command__rosidl_typesupport_fastrtps_cpp.hpp\n'}
[8.373209] (serial_motor_demo_msgs) StdoutLine: {'line': b'-- Symlinking: /home/jani/rosdev/Janabot/install/serial_motor_demo_msgs/include/serial_motor_demo_msgs/serial_motor_demo_msgs/msg/detail/motor_vels__rosidl_typesupport_fastrtps_cpp.hpp\n'}
[8.382455] (serial_motor_demo_msgs) StdoutLine: {'line': b'-- Symlinking: /home/jani/rosdev/Janabot/install/serial_motor_demo_msgs/include/serial_motor_demo_msgs/serial_motor_demo_msgs/msg/rosidl_typesupport_fastrtps_cpp__visibility_control.h\n'}
[8.391875] (serial_motor_demo_msgs) StdoutLine: {'line': b'-- Symlinking: /home/jani/rosdev/Janabot/install/serial_motor_demo_msgs/include/serial_motor_demo_msgs/serial_motor_demo_msgs/msg/detail/encoder_vals__rosidl_typesupport_introspection_cpp.hpp\n'}
[8.401096] (serial_motor_demo_msgs) StdoutLine: {'line': b'-- Symlinking: /home/jani/rosdev/Janabot/install/serial_motor_demo_msgs/include/serial_motor_demo_msgs/serial_motor_demo_msgs/msg/detail/motor_command__rosidl_typesupport_introspection_cpp.hpp\n'}
[8.410353] (serial_motor_demo_msgs) StdoutLine: {'line': b'-- Symlinking: /home/jani/rosdev/Janabot/install/serial_motor_demo_msgs/include/serial_motor_demo_msgs/serial_motor_demo_msgs/msg/detail/motor_vels__rosidl_typesupport_introspection_cpp.hpp\n'}
[8.419694] (serial_motor_demo_msgs) StdoutLine: {'line': b'-- Symlinking: /home/jani/rosdev/Janabot/install/serial_motor_demo_msgs/share/serial_motor_demo_msgs/environment/pythonpath.sh\n'}
[8.429045] (serial_motor_demo_msgs) StdoutLine: {'line': b'-- Symlinking: /home/jani/rosdev/Janabot/install/serial_motor_demo_msgs/share/serial_motor_demo_msgs/environment/pythonpath.dsv\n'}
[8.435509] (-) TimerEvent: {}
[8.438801] (serial_motor_demo_msgs) StdoutLine: {'line': b'-- Symlinking: /home/jani/rosdev/Janabot/install/serial_motor_demo_msgs/local/lib/python3.10/dist-packages/serial_motor_demo_msgs-0.0.0-py3.10.egg-info/PKG-INFO\n'}
[8.448002] (serial_motor_demo_msgs) StdoutLine: {'line': b'-- Symlinking: /home/jani/rosdev/Janabot/install/serial_motor_demo_msgs/local/lib/python3.10/dist-packages/serial_motor_demo_msgs-0.0.0-py3.10.egg-info/SOURCES.txt\n'}
[8.456994] (serial_motor_demo_msgs) StdoutLine: {'line': b'-- Symlinking: /home/jani/rosdev/Janabot/install/serial_motor_demo_msgs/local/lib/python3.10/dist-packages/serial_motor_demo_msgs-0.0.0-py3.10.egg-info/dependency_links.txt\n'}
[8.466838] (serial_motor_demo_msgs) StdoutLine: {'line': b'-- Symlinking: /home/jani/rosdev/Janabot/install/serial_motor_demo_msgs/local/lib/python3.10/dist-packages/serial_motor_demo_msgs-0.0.0-py3.10.egg-info/top_level.txt\n'}
[8.476648] (serial_motor_demo_msgs) StdoutLine: {'line': b'-- Symlinking: /home/jani/rosdev/Janabot/install/serial_motor_demo_msgs/local/lib/python3.10/dist-packages/serial_motor_demo_msgs/__init__.py\n'}
[8.485830] (serial_motor_demo_msgs) StdoutLine: {'line': b'-- Symlinking: /home/jani/rosdev/Janabot/install/serial_motor_demo_msgs/local/lib/python3.10/dist-packages/serial_motor_demo_msgs/_serial_motor_demo_msgs_s.ep.rosidl_typesupport_c.c\n'}
[8.495122] (serial_motor_demo_msgs) StdoutLine: {'line': b'-- Symlinking: /home/jani/rosdev/Janabot/install/serial_motor_demo_msgs/local/lib/python3.10/dist-packages/serial_motor_demo_msgs/_serial_motor_demo_msgs_s.ep.rosidl_typesupport_fastrtps_c.c\n'}
[8.504116] (serial_motor_demo_msgs) StdoutLine: {'line': b'-- Symlinking: /home/jani/rosdev/Janabot/install/serial_motor_demo_msgs/local/lib/python3.10/dist-packages/serial_motor_demo_msgs/_serial_motor_demo_msgs_s.ep.rosidl_typesupport_introspection_c.c\n'}
[8.513289] (serial_motor_demo_msgs) StdoutLine: {'line': b'-- Symlinking: /home/jani/rosdev/Janabot/install/serial_motor_demo_msgs/local/lib/python3.10/dist-packages/serial_motor_demo_msgs/libserial_motor_demo_msgs__rosidl_generator_py.so\n'}
[8.522601] (serial_motor_demo_msgs) StdoutLine: {'line': b'-- Symlinking: /home/jani/rosdev/Janabot/install/serial_motor_demo_msgs/local/lib/python3.10/dist-packages/serial_motor_demo_msgs/msg/__init__.py\n'}
[8.531785] (serial_motor_demo_msgs) StdoutLine: {'line': b'-- Symlinking: /home/jani/rosdev/Janabot/install/serial_motor_demo_msgs/local/lib/python3.10/dist-packages/serial_motor_demo_msgs/msg/_encoder_vals.py\n'}
[8.535626] (-) TimerEvent: {}
[8.541362] (serial_motor_demo_msgs) StdoutLine: {'line': b'-- Symlinking: /home/jani/rosdev/Janabot/install/serial_motor_demo_msgs/local/lib/python3.10/dist-packages/serial_motor_demo_msgs/msg/_encoder_vals_s.c\n'}
[8.550518] (serial_motor_demo_msgs) StdoutLine: {'line': b'-- Symlinking: /home/jani/rosdev/Janabot/install/serial_motor_demo_msgs/local/lib/python3.10/dist-packages/serial_motor_demo_msgs/msg/_motor_command.py\n'}
[8.559782] (serial_motor_demo_msgs) StdoutLine: {'line': b'-- Symlinking: /home/jani/rosdev/Janabot/install/serial_motor_demo_msgs/local/lib/python3.10/dist-packages/serial_motor_demo_msgs/msg/_motor_command_s.c\n'}
[8.569387] (serial_motor_demo_msgs) StdoutLine: {'line': b'-- Symlinking: /home/jani/rosdev/Janabot/install/serial_motor_demo_msgs/local/lib/python3.10/dist-packages/serial_motor_demo_msgs/msg/_motor_vels.py\n'}
[8.578976] (serial_motor_demo_msgs) StdoutLine: {'line': b'-- Symlinking: /home/jani/rosdev/Janabot/install/serial_motor_demo_msgs/local/lib/python3.10/dist-packages/serial_motor_demo_msgs/msg/_motor_vels_s.c\n'}
[8.588121] (serial_motor_demo_msgs) StdoutLine: {'line': b'-- Symlinking: /home/jani/rosdev/Janabot/install/serial_motor_demo_msgs/local/lib/python3.10/dist-packages/serial_motor_demo_msgs/serial_motor_demo_msgs_s__rosidl_typesupport_c.cpython-310-x86_64-linux-gnu.so\n'}
[8.597333] (serial_motor_demo_msgs) StdoutLine: {'line': b'-- Symlinking: /home/jani/rosdev/Janabot/install/serial_motor_demo_msgs/local/lib/python3.10/dist-packages/serial_motor_demo_msgs/serial_motor_demo_msgs_s__rosidl_typesupport_fastrtps_c.cpython-310-x86_64-linux-gnu.so\n'}
[8.606447] (serial_motor_demo_msgs) StdoutLine: {'line': b'-- Symlinking: /home/jani/rosdev/Janabot/install/serial_motor_demo_msgs/local/lib/python3.10/dist-packages/serial_motor_demo_msgs/serial_motor_demo_msgs_s__rosidl_typesupport_introspection_c.cpython-310-x86_64-linux-gnu.so\n'}
[8.615807] (serial_motor_demo_msgs) StdoutLine: {'line': b'-- Up-to-date symlink: /home/jani/rosdev/Janabot/install/serial_motor_demo_msgs/local/lib/python3.10/dist-packages/serial_motor_demo_msgs/serial_motor_demo_msgs_s__rosidl_typesupport_fastrtps_c.cpython-310-x86_64-linux-gnu.so\n'}
[8.616155] (serial_motor_demo_msgs) StdoutLine: {'line': b'-- Up-to-date symlink: /home/jani/rosdev/Janabot/install/serial_motor_demo_msgs/local/lib/python3.10/dist-packages/serial_motor_demo_msgs/serial_motor_demo_msgs_s__rosidl_typesupport_introspection_c.cpython-310-x86_64-linux-gnu.so\n'}
[8.616528] (serial_motor_demo_msgs) StdoutLine: {'line': b'-- Up-to-date symlink: /home/jani/rosdev/Janabot/install/serial_motor_demo_msgs/local/lib/python3.10/dist-packages/serial_motor_demo_msgs/serial_motor_demo_msgs_s__rosidl_typesupport_c.cpython-310-x86_64-linux-gnu.so\n'}
[8.616841] (serial_motor_demo_msgs) StdoutLine: {'line': b'-- Symlinking: /home/jani/rosdev/Janabot/install/serial_motor_demo_msgs/share/serial_motor_demo_msgs/msg/MotorCommand.idl\n'}
[8.625987] (serial_motor_demo_msgs) StdoutLine: {'line': b'-- Symlinking: /home/jani/rosdev/Janabot/install/serial_motor_demo_msgs/share/serial_motor_demo_msgs/msg/MotorVels.idl\n'}
[8.635217] (serial_motor_demo_msgs) StdoutLine: {'line': b'-- Symlinking: /home/jani/rosdev/Janabot/install/serial_motor_demo_msgs/share/serial_motor_demo_msgs/msg/EncoderVals.idl\n'}
[8.635715] (-) TimerEvent: {}
[8.644637] (serial_motor_demo_msgs) StdoutLine: {'line': b'-- Symlinking: /home/jani/rosdev/Janabot/install/serial_motor_demo_msgs/share/serial_motor_demo_msgs/msg/MotorCommand.msg\n'}
[8.653884] (serial_motor_demo_msgs) StdoutLine: {'line': b'-- Symlinking: /home/jani/rosdev/Janabot/install/serial_motor_demo_msgs/share/serial_motor_demo_msgs/msg/MotorVels.msg\n'}
[8.662977] (serial_motor_demo_msgs) StdoutLine: {'line': b'-- Symlinking: /home/jani/rosdev/Janabot/install/serial_motor_demo_msgs/share/serial_motor_demo_msgs/msg/EncoderVals.msg\n'}
[8.673825] (serial_motor_demo_msgs) StdoutLine: {'line': b'-- Symlinking: /home/jani/rosdev/Janabot/install/serial_motor_demo_msgs/share/ament_index/resource_index/package_run_dependencies/serial_motor_demo_msgs\n'}
[8.683143] (serial_motor_demo_msgs) StdoutLine: {'line': b'-- Symlinking: /home/jani/rosdev/Janabot/install/serial_motor_demo_msgs/share/ament_index/resource_index/parent_prefix_path/serial_motor_demo_msgs\n'}
[8.692345] (serial_motor_demo_msgs) StdoutLine: {'line': b'-- Symlinking: /home/jani/rosdev/Janabot/install/serial_motor_demo_msgs/share/serial_motor_demo_msgs/environment/ament_prefix_path.sh\n'}
[8.701536] (serial_motor_demo_msgs) StdoutLine: {'line': b'-- Symlinking: /home/jani/rosdev/Janabot/install/serial_motor_demo_msgs/share/serial_motor_demo_msgs/environment/ament_prefix_path.dsv\n'}
[8.710875] (serial_motor_demo_msgs) StdoutLine: {'line': b'-- Symlinking: /home/jani/rosdev/Janabot/install/serial_motor_demo_msgs/share/serial_motor_demo_msgs/environment/path.sh\n'}
[8.720309] (serial_motor_demo_msgs) StdoutLine: {'line': b'-- Symlinking: /home/jani/rosdev/Janabot/install/serial_motor_demo_msgs/share/serial_motor_demo_msgs/environment/path.dsv\n'}
[8.729488] (serial_motor_demo_msgs) StdoutLine: {'line': b'-- Symlinking: /home/jani/rosdev/Janabot/install/serial_motor_demo_msgs/share/serial_motor_demo_msgs/local_setup.bash\n'}
[8.735830] (-) TimerEvent: {}
[8.738907] (serial_motor_demo_msgs) StdoutLine: {'line': b'-- Symlinking: /home/jani/rosdev/Janabot/install/serial_motor_demo_msgs/share/serial_motor_demo_msgs/local_setup.sh\n'}
[8.748497] (serial_motor_demo_msgs) StdoutLine: {'line': b'-- Symlinking: /home/jani/rosdev/Janabot/install/serial_motor_demo_msgs/share/serial_motor_demo_msgs/local_setup.zsh\n'}
[8.758005] (serial_motor_demo_msgs) StdoutLine: {'line': b'-- Symlinking: /home/jani/rosdev/Janabot/install/serial_motor_demo_msgs/share/serial_motor_demo_msgs/local_setup.dsv\n'}
[8.767205] (serial_motor_demo_msgs) StdoutLine: {'line': b'-- Symlinking: /home/jani/rosdev/Janabot/install/serial_motor_demo_msgs/share/serial_motor_demo_msgs/package.dsv\n'}
[8.776587] (serial_motor_demo_msgs) StdoutLine: {'line': b'-- Symlinking: /home/jani/rosdev/Janabot/install/serial_motor_demo_msgs/share/ament_index/resource_index/packages/serial_motor_demo_msgs\n'}
[8.785918] (serial_motor_demo_msgs) StdoutLine: {'line': b'-- Symlinking: /home/jani/rosdev/Janabot/install/serial_motor_demo_msgs/share/serial_motor_demo_msgs/cmake/rosidl_cmake-extras.cmake\n'}
[8.795193] (serial_motor_demo_msgs) StdoutLine: {'line': b'-- Symlinking: /home/jani/rosdev/Janabot/install/serial_motor_demo_msgs/share/serial_motor_demo_msgs/cmake/ament_cmake_export_include_directories-extras.cmake\n'}
[8.804393] (serial_motor_demo_msgs) StdoutLine: {'line': b'-- Symlinking: /home/jani/rosdev/Janabot/install/serial_motor_demo_msgs/share/serial_motor_demo_msgs/cmake/ament_cmake_export_libraries-extras.cmake\n'}
[8.813847] (serial_motor_demo_msgs) StdoutLine: {'line': b'-- Symlinking: /home/jani/rosdev/Janabot/install/serial_motor_demo_msgs/share/serial_motor_demo_msgs/cmake/ament_cmake_export_targets-extras.cmake\n'}
[8.823509] (serial_motor_demo_msgs) StdoutLine: {'line': b'-- Symlinking: /home/jani/rosdev/Janabot/install/serial_motor_demo_msgs/share/serial_motor_demo_msgs/cmake/rosidl_cmake_export_typesupport_targets-extras.cmake\n'}
[8.833028] (serial_motor_demo_msgs) StdoutLine: {'line': b'-- Symlinking: /home/jani/rosdev/Janabot/install/serial_motor_demo_msgs/share/serial_motor_demo_msgs/cmake/ament_cmake_export_dependencies-extras.cmake\n'}
[8.835958] (-) TimerEvent: {}
[8.842450] (serial_motor_demo_msgs) StdoutLine: {'line': b'-- Symlinking: /home/jani/rosdev/Janabot/install/serial_motor_demo_msgs/share/serial_motor_demo_msgs/cmake/rosidl_cmake_export_typesupport_libraries-extras.cmake\n'}
[8.851725] (serial_motor_demo_msgs) StdoutLine: {'line': b'-- Symlinking: /home/jani/rosdev/Janabot/install/serial_motor_demo_msgs/share/serial_motor_demo_msgs/cmake/serial_motor_demo_msgsConfig.cmake\n'}
[8.860719] (serial_motor_demo_msgs) StdoutLine: {'line': b'-- Symlinking: /home/jani/rosdev/Janabot/install/serial_motor_demo_msgs/share/serial_motor_demo_msgs/cmake/serial_motor_demo_msgsConfig-version.cmake\n'}
[8.870071] (serial_motor_demo_msgs) StdoutLine: {'line': b'-- Symlinking: /home/jani/rosdev/Janabot/install/serial_motor_demo_msgs/share/serial_motor_demo_msgs/package.xml\n'}
[8.879867] (serial_motor_demo_msgs) StdoutLine: {'line': b'-- Installing: /home/jani/rosdev/Janabot/install/serial_motor_demo_msgs/lib/libserial_motor_demo_msgs__rosidl_generator_c.so\n'}
[8.880497] (serial_motor_demo_msgs) StdoutLine: {'line': b'-- Set runtime path of "/home/jani/rosdev/Janabot/install/serial_motor_demo_msgs/lib/libserial_motor_demo_msgs__rosidl_generator_c.so" to ""\n'}
[8.880692] (serial_motor_demo_msgs) StdoutLine: {'line': b'-- Installing: /home/jani/rosdev/Janabot/install/serial_motor_demo_msgs/lib/libserial_motor_demo_msgs__rosidl_typesupport_fastrtps_c.so\n'}
[8.881660] (serial_motor_demo_msgs) StdoutLine: {'line': b'-- Set runtime path of "/home/jani/rosdev/Janabot/install/serial_motor_demo_msgs/lib/libserial_motor_demo_msgs__rosidl_typesupport_fastrtps_c.so" to ""\n'}
[8.881857] (serial_motor_demo_msgs) StdoutLine: {'line': b'-- Installing: /home/jani/rosdev/Janabot/install/serial_motor_demo_msgs/lib/libserial_motor_demo_msgs__rosidl_typesupport_introspection_c.so\n'}
[8.882357] (serial_motor_demo_msgs) StdoutLine: {'line': b'-- Set runtime path of "/home/jani/rosdev/Janabot/install/serial_motor_demo_msgs/lib/libserial_motor_demo_msgs__rosidl_typesupport_introspection_c.so" to ""\n'}
[8.882530] (serial_motor_demo_msgs) StdoutLine: {'line': b'-- Installing: /home/jani/rosdev/Janabot/install/serial_motor_demo_msgs/lib/libserial_motor_demo_msgs__rosidl_typesupport_c.so\n'}
[8.883003] (serial_motor_demo_msgs) StdoutLine: {'line': b'-- Set runtime path of "/home/jani/rosdev/Janabot/install/serial_motor_demo_msgs/lib/libserial_motor_demo_msgs__rosidl_typesupport_c.so" to ""\n'}
[8.883168] (serial_motor_demo_msgs) StdoutLine: {'line': b'-- Installing: /home/jani/rosdev/Janabot/install/serial_motor_demo_msgs/lib/libserial_motor_demo_msgs__rosidl_typesupport_fastrtps_cpp.so\n'}
[8.884202] (serial_motor_demo_msgs) StdoutLine: {'line': b'-- Set runtime path of "/home/jani/rosdev/Janabot/install/serial_motor_demo_msgs/lib/libserial_motor_demo_msgs__rosidl_typesupport_fastrtps_cpp.so" to ""\n'}
[8.884421] (serial_motor_demo_msgs) StdoutLine: {'line': b'-- Installing: /home/jani/rosdev/Janabot/install/serial_motor_demo_msgs/lib/libserial_motor_demo_msgs__rosidl_typesupport_introspection_cpp.so\n'}
[8.884952] (serial_motor_demo_msgs) StdoutLine: {'line': b'-- Set runtime path of "/home/jani/rosdev/Janabot/install/serial_motor_demo_msgs/lib/libserial_motor_demo_msgs__rosidl_typesupport_introspection_cpp.so" to ""\n'}
[8.885118] (serial_motor_demo_msgs) StdoutLine: {'line': b'-- Installing: /home/jani/rosdev/Janabot/install/serial_motor_demo_msgs/lib/libserial_motor_demo_msgs__rosidl_typesupport_cpp.so\n'}
[8.885714] (serial_motor_demo_msgs) StdoutLine: {'line': b'-- Set runtime path of "/home/jani/rosdev/Janabot/install/serial_motor_demo_msgs/lib/libserial_motor_demo_msgs__rosidl_typesupport_cpp.so" to ""\n'}
[8.922801] (serial_motor_demo_msgs) StdoutLine: {'line': b"Listing '/home/jani/rosdev/Janabot/install/serial_motor_demo_msgs/local/lib/python3.10/dist-packages/serial_motor_demo_msgs'...\n"}
[8.923137] (serial_motor_demo_msgs) StdoutLine: {'line': b"Compiling '/home/jani/rosdev/Janabot/install/serial_motor_demo_msgs/local/lib/python3.10/dist-packages/serial_motor_demo_msgs/__init__.py'...\n"}
[8.923267] (serial_motor_demo_msgs) StdoutLine: {'line': b"Listing '/home/jani/rosdev/Janabot/install/serial_motor_demo_msgs/local/lib/python3.10/dist-packages/serial_motor_demo_msgs/msg'...\n"}
[8.923403] (serial_motor_demo_msgs) StdoutLine: {'line': b"Compiling '/home/jani/rosdev/Janabot/install/serial_motor_demo_msgs/local/lib/python3.10/dist-packages/serial_motor_demo_msgs/msg/__init__.py'...\n"}
[8.923514] (serial_motor_demo_msgs) StdoutLine: {'line': b"Compiling '/home/jani/rosdev/Janabot/install/serial_motor_demo_msgs/local/lib/python3.10/dist-packages/serial_motor_demo_msgs/msg/_encoder_vals.py'...\n"}
[8.923622] (serial_motor_demo_msgs) StdoutLine: {'line': b"Compiling '/home/jani/rosdev/Janabot/install/serial_motor_demo_msgs/local/lib/python3.10/dist-packages/serial_motor_demo_msgs/msg/_motor_command.py'...\n"}
[8.923757] (serial_motor_demo_msgs) StdoutLine: {'line': b"Compiling '/home/jani/rosdev/Janabot/install/serial_motor_demo_msgs/local/lib/python3.10/dist-packages/serial_motor_demo_msgs/msg/_motor_vels.py'...\n"}
[8.928817] (serial_motor_demo_msgs) StdoutLine: {'line': b'-- Installing: /home/jani/rosdev/Janabot/install/serial_motor_demo_msgs/lib/libserial_motor_demo_msgs__rosidl_generator_py.so\n'}
[8.929735] (serial_motor_demo_msgs) StdoutLine: {'line': b'-- Set runtime path of "/home/jani/rosdev/Janabot/install/serial_motor_demo_msgs/lib/libserial_motor_demo_msgs__rosidl_generator_py.so" to ""\n'}
[8.930004] (serial_motor_demo_msgs) StdoutLine: {'line': b'-- Installing: /home/jani/rosdev/Janabot/install/serial_motor_demo_msgs/share/serial_motor_demo_msgs/cmake/export_serial_motor_demo_msgs__rosidl_generator_cExport.cmake\n'}
[8.930435] (serial_motor_demo_msgs) StdoutLine: {'line': b'-- Installing: /home/jani/rosdev/Janabot/install/serial_motor_demo_msgs/share/serial_motor_demo_msgs/cmake/export_serial_motor_demo_msgs__rosidl_generator_cExport-relwithdebinfo.cmake\n'}
[8.930631] (serial_motor_demo_msgs) StdoutLine: {'line': b'-- Installing: /home/jani/rosdev/Janabot/install/serial_motor_demo_msgs/share/serial_motor_demo_msgs/cmake/export_serial_motor_demo_msgs__rosidl_typesupport_fastrtps_cExport.cmake\n'}
[8.930815] (serial_motor_demo_msgs) StdoutLine: {'line': b'-- Installing: /home/jani/rosdev/Janabot/install/serial_motor_demo_msgs/share/serial_motor_demo_msgs/cmake/export_serial_motor_demo_msgs__rosidl_typesupport_fastrtps_cExport-relwithdebinfo.cmake\n'}
[8.931023] (serial_motor_demo_msgs) StdoutLine: {'line': b'-- Installing: /home/jani/rosdev/Janabot/install/serial_motor_demo_msgs/share/serial_motor_demo_msgs/cmake/serial_motor_demo_msgs__rosidl_typesupport_introspection_cExport.cmake\n'}
[8.931221] (serial_motor_demo_msgs) StdoutLine: {'line': b'-- Installing: /home/jani/rosdev/Janabot/install/serial_motor_demo_msgs/share/serial_motor_demo_msgs/cmake/serial_motor_demo_msgs__rosidl_typesupport_introspection_cExport-relwithdebinfo.cmake\n'}
[8.931425] (serial_motor_demo_msgs) StdoutLine: {'line': b'-- Installing: /home/jani/rosdev/Janabot/install/serial_motor_demo_msgs/share/serial_motor_demo_msgs/cmake/serial_motor_demo_msgs__rosidl_typesupport_cExport.cmake\n'}
[8.931623] (serial_motor_demo_msgs) StdoutLine: {'line': b'-- Installing: /home/jani/rosdev/Janabot/install/serial_motor_demo_msgs/share/serial_motor_demo_msgs/cmake/serial_motor_demo_msgs__rosidl_typesupport_cExport-relwithdebinfo.cmake\n'}
[8.931829] (serial_motor_demo_msgs) StdoutLine: {'line': b'-- Installing: /home/jani/rosdev/Janabot/install/serial_motor_demo_msgs/share/serial_motor_demo_msgs/cmake/export_serial_motor_demo_msgs__rosidl_generator_cppExport.cmake\n'}
[8.932031] (serial_motor_demo_msgs) StdoutLine: {'line': b'-- Installing: /home/jani/rosdev/Janabot/install/serial_motor_demo_msgs/share/serial_motor_demo_msgs/cmake/export_serial_motor_demo_msgs__rosidl_typesupport_fastrtps_cppExport.cmake\n'}
[8.932228] (serial_motor_demo_msgs) StdoutLine: {'line': b'-- Installing: /home/jani/rosdev/Janabot/install/serial_motor_demo_msgs/share/serial_motor_demo_msgs/cmake/export_serial_motor_demo_msgs__rosidl_typesupport_fastrtps_cppExport-relwithdebinfo.cmake\n'}
[8.932434] (serial_motor_demo_msgs) StdoutLine: {'line': b'-- Installing: /home/jani/rosdev/Janabot/install/serial_motor_demo_msgs/share/serial_motor_demo_msgs/cmake/serial_motor_demo_msgs__rosidl_typesupport_introspection_cppExport.cmake\n'}
[8.932637] (serial_motor_demo_msgs) StdoutLine: {'line': b'-- Installing: /home/jani/rosdev/Janabot/install/serial_motor_demo_msgs/share/serial_motor_demo_msgs/cmake/serial_motor_demo_msgs__rosidl_typesupport_introspection_cppExport-relwithdebinfo.cmake\n'}
[8.932846] (serial_motor_demo_msgs) StdoutLine: {'line': b'-- Installing: /home/jani/rosdev/Janabot/install/serial_motor_demo_msgs/share/serial_motor_demo_msgs/cmake/serial_motor_demo_msgs__rosidl_typesupport_cppExport.cmake\n'}
[8.933048] (serial_motor_demo_msgs) StdoutLine: {'line': b'-- Installing: /home/jani/rosdev/Janabot/install/serial_motor_demo_msgs/share/serial_motor_demo_msgs/cmake/serial_motor_demo_msgs__rosidl_typesupport_cppExport-relwithdebinfo.cmake\n'}
[8.933264] (serial_motor_demo_msgs) StdoutLine: {'line': b'-- Installing: /home/jani/rosdev/Janabot/install/serial_motor_demo_msgs/share/serial_motor_demo_msgs/cmake/export_serial_motor_demo_msgs__rosidl_generator_pyExport.cmake\n'}
[8.933467] (serial_motor_demo_msgs) StdoutLine: {'line': b'-- Installing: /home/jani/rosdev/Janabot/install/serial_motor_demo_msgs/share/serial_motor_demo_msgs/cmake/export_serial_motor_demo_msgs__rosidl_generator_pyExport-relwithdebinfo.cmake\n'}
[8.936281] (serial_motor_demo_msgs) CommandEnded: {'returncode': 0}
[8.937287] (-) TimerEvent: {}
[9.037551] (-) TimerEvent: {}
[9.069331] (serial_motor_demo_msgs) JobEnded: {'identifier': 'serial_motor_demo_msgs', 'rc': 0}
[9.072414] (serial_motor_demo) JobStarted: {'identifier': 'serial_motor_demo'}
[9.137674] (-) TimerEvent: {}
[9.237990] (-) TimerEvent: {}
[9.338316] (-) TimerEvent: {}
[9.438602] (-) TimerEvent: {}
[9.538943] (-) TimerEvent: {}
[9.639274] (-) TimerEvent: {}
[9.739604] (-) TimerEvent: {}
[9.790088] (serial_motor_demo) Command: {'cmd': ['/usr/bin/python3', 'setup.py', 'develop', '--editable', '--build-directory', '/home/jani/rosdev/Janabot/build/serial_motor_demo/build', '--no-deps', 'install_data'], 'cwd': '/home/jani/rosdev/Janabot/build/serial_motor_demo', 'env': {'LESSOPEN': '| /usr/bin/lesspipe %s', 'VSCODE_CWD': '/home/jani', 'USER': 'jani', 'SSH_CLIENT': '192.168.9.128 50596 22', 'LC_TIME': 'hu_HU.UTF-8', 'VSCODE_NLS_CONFIG': '{"locale":"en","osLocale":"en","availableLanguages":{}}', 'VSCODE_HANDLES_UNCAUGHT_ERRORS': 'true', 'XDG_SESSION_TYPE': 'tty', 'GIT_ASKPASS': '/home/jani/.vscode-server/bin/6c3e3dba23e8fadc360aed75ce363ba185c49794/extensions/git/dist/askpass.sh', 'SHLVL': '0', 'LD_LIBRARY_PATH': '/home/jani/rosdev/Janabot/install/serial_motor_demo_msgs/lib:/usr/lib/x86_64-linux-gnu/gazebo-11/plugins:/opt/ros/humble/opt/rviz_ogre_vendor/lib:/opt/ros/humble/lib/x86_64-linux-gnu:/opt/ros/humble/lib', 'BROWSER': '/home/jani/.vscode-server/bin/6c3e3dba23e8fadc360aed75ce363ba185c49794/bin/helpers/browser.sh', 'MOTD_SHOWN': 'pam', 'HOME': '/home/jani', 'TERM_PROGRAM_VERSION': '1.81.1', 'VSCODE_IPC_HOOK_CLI': '/run/user/1000/vscode-ipc-863220e9-87af-4ad8-a6e5-5fac748b124e.sock', 'APPLICATION_INSIGHTS_NO_DIAGNOSTIC_CHANNEL': '1', 'ROS_PYTHON_VERSION': '3', 'VSCODE_GIT_ASKPASS_MAIN': '/home/jani/.vscode-server/bin/6c3e3dba23e8fadc360aed75ce363ba185c49794/extensions/git/dist/askpass-main.js', 'LC_MONETARY': 'hu_HU.UTF-8', 'VSCODE_GIT_ASKPASS_NODE': '/home/jani/.vscode-server/bin/6c3e3dba23e8fadc360aed75ce363ba185c49794/node', 'DBUS_SESSION_BUS_ADDRESS': 'unix:path=/run/user/1000/bus', 'COLORTERM': 'truecolor', 'VSCODE_L10N_BUNDLE_LOCATION': '', 'ROS_DISTRO': 'humble', 'LOGNAME': 'jani', 'VSCODE_HANDLES_SIGPIPE': 'true', '_': '/usr/bin/colcon', 'ROS_VERSION': '2', 'XDG_SESSION_CLASS': 'user', 'TERM': 'xterm-256color', 'XDG_SESSION_ID': '7', 'ROS_LOCALHOST_ONLY': '0', 'PATH': '/home/jani/.vscode-server/bin/6c3e3dba23e8fadc360aed75ce363ba185c49794/bin/remote-cli:/home/jani/.local/bin:/opt/ros/humble/bin:/usr/local/sbin:/usr/local/bin:/usr/sbin:/usr/bin:/sbin:/bin:/usr/games:/usr/local/games:/snap/bin', 'VSCODE_AMD_ENTRYPOINT': 'vs/workbench/api/node/extensionHostProcess', 'VSCODE_AGENT_FOLDER': '/home/jani/.vscode-server', 'LC_ADDRESS': 'hu_HU.UTF-8', 'XDG_RUNTIME_DIR': '/run/user/1000', 'LANG': 'en_US.UTF-8', 'LC_TELEPHONE': 'hu_HU.UTF-8', 'LS_COLORS': '', 'VSCODE_GIT_IPC_HANDLE': '/run/user/1000/vscode-git-267a101fd2.sock', 'TERM_PROGRAM': 'vscode', 'AMENT_PREFIX_PATH': '/home/jani/rosdev/Janabot/install/serial_motor_demo_msgs:/opt/ros/humble', 'SHELL': '/bin/bash', 'LC_NAME': 'hu_HU.UTF-8', 'ELECTRON_RUN_AS_NODE': '1', 'LESSCLOSE': '/usr/bin/lesspipe %s %s', 'LC_MEASUREMENT': 'hu_HU.UTF-8', 'LC_IDENTIFICATION': 'hu_HU.UTF-8', 'VSCODE_GIT_ASKPASS_EXTRA_ARGS': '', 'PWD': '/home/jani/rosdev/Janabot/build/serial_motor_demo', 'SSH_CONNECTION': '192.168.9.128 50596 192.168.9.248 22', 'XDG_DATA_DIRS': '/usr/share/gnome:/usr/local/share:/usr/share:/var/lib/snapd/desktop', 'PYTHONPATH': '/home/jani/rosdev/Janabot/build/serial_motor_demo/prefix_override:/home/jani/rosdev/Janabot/install/serial_motor_demo/lib/python3.10/site-packages:/home/jani/rosdev/Janabot/install/serial_motor_demo_msgs/local/lib/python3.10/dist-packages:/opt/ros/humble/lib/python3.10/site-packages:/opt/ros/humble/local/lib/python3.10/dist-packages', 'LC_NUMERIC': 'hu_HU.UTF-8', 'LC_PAPER': 'hu_HU.UTF-8', 'COLCON': '1', 'CMAKE_PREFIX_PATH': '/home/jani/rosdev/Janabot/install/serial_motor_demo_msgs'}, 'shell': False}
[9.839741] (-) TimerEvent: {}
[9.940113] (-) TimerEvent: {}
[10.040453] (-) TimerEvent: {}
[10.081695] (serial_motor_demo) StdoutLine: {'line': b'running develop\n'}
[10.140588] (-) TimerEvent: {}
[10.240948] (-) TimerEvent: {}
[10.259358] (serial_motor_demo) StdoutLine: {'line': b'running egg_info\n'}
[10.259573] (serial_motor_demo) StdoutLine: {'line': b'creating serial_motor_demo.egg-info\n'}
[10.259796] (serial_motor_demo) StdoutLine: {'line': b'writing serial_motor_demo.egg-info/PKG-INFO\n'}
[10.259989] (serial_motor_demo) StdoutLine: {'line': b'writing dependency_links to serial_motor_demo.egg-info/dependency_links.txt\n'}
[10.260172] (serial_motor_demo) StdoutLine: {'line': b'writing entry points to serial_motor_demo.egg-info/entry_points.txt\n'}
[10.260375] (serial_motor_demo) StdoutLine: {'line': b'writing requirements to serial_motor_demo.egg-info/requires.txt\n'}
[10.260507] (serial_motor_demo) StdoutLine: {'line': b'writing top-level names to serial_motor_demo.egg-info/top_level.txt\n'}
[10.260721] (serial_motor_demo) StdoutLine: {'line': b"writing manifest file 'serial_motor_demo.egg-info/SOURCES.txt'\n"}
[10.262451] (serial_motor_demo) StdoutLine: {'line': b"reading manifest file 'serial_motor_demo.egg-info/SOURCES.txt'\n"}
[10.263110] (serial_motor_demo) StdoutLine: {'line': b"writing manifest file 'serial_motor_demo.egg-info/SOURCES.txt'\n"}
[10.264415] (serial_motor_demo) StdoutLine: {'line': b'running build_ext\n'}
[10.264711] (serial_motor_demo) StdoutLine: {'line': b'Creating /home/jani/rosdev/Janabot/install/serial_motor_demo/lib/python3.10/site-packages/serial-motor-demo.egg-link (link to .)\n'}
[10.265529] (serial_motor_demo) StdoutLine: {'line': b'Installing driver script to /home/jani/rosdev/Janabot/install/serial_motor_demo/lib/serial_motor_demo\n'}
[10.265778] (serial_motor_demo) StdoutLine: {'line': b'Installing gui script to /home/jani/rosdev/Janabot/install/serial_motor_demo/lib/serial_motor_demo\n'}
[10.266006] (serial_motor_demo) StdoutLine: {'line': b'\n'}
[10.266205] (serial_motor_demo) StdoutLine: {'line': b'Installed /home/jani/rosdev/Janabot/build/serial_motor_demo\n'}
[10.266451] (serial_motor_demo) StdoutLine: {'line': b'running install_data\n'}
[10.266634] (serial_motor_demo) StdoutLine: {'line': b'creating /home/jani/rosdev/Janabot/install/serial_motor_demo/share/ament_index\n'}
[10.266791] (serial_motor_demo) StdoutLine: {'line': b'creating /home/jani/rosdev/Janabot/install/serial_motor_demo/share/ament_index/resource_index\n'}
[10.266921] (serial_motor_demo) StdoutLine: {'line': b'creating /home/jani/rosdev/Janabot/install/serial_motor_demo/share/ament_index/resource_index/packages\n'}
[10.267043] (serial_motor_demo) StdoutLine: {'line': b'copying resource/serial_motor_demo -> /home/jani/rosdev/Janabot/install/serial_motor_demo/share/ament_index/resource_index/packages\n'}
[10.267164] (serial_motor_demo) StdoutLine: {'line': b'copying package.xml -> /home/jani/rosdev/Janabot/install/serial_motor_demo/share/serial_motor_demo\n'}
[10.305519] (serial_motor_demo) CommandEnded: {'returncode': 0}
[10.317009] (serial_motor_demo) JobEnded: {'identifier': 'serial_motor_demo', 'rc': 0}
[10.317991] (-) EventReactorShutdown: {}
