[0.358s] DEBUG:colcon:Command line arguments: ['/usr/bin/colcon', 'build', '--symlink-install', '--event-handlers', 'console_cohesion+', '--base-paths', '/home/jani/rosdev/Janabot', '--cmake-args', '-DCMAKE_BUILD_TYPE=RelWithDebInfo']
[0.358s] DEBUG:colcon:Parsed command line arguments: Namespace(log_base=None, log_level=None, verb_name='build', build_base='build', install_base='install', merge_install=False, symlink_install=True, test_result_base=None, continue_on_error=False, executor='parallel', parallel_workers=4, event_handlers=['console_cohesion+'], ignore_user_meta=False, metas=['./colcon.meta'], base_paths=['/home/jani/rosdev/Janabot'], packages_ignore=None, packages_ignore_regex=None, paths=None, packages_up_to=None, packages_up_to_regex=None, packages_above=None, packages_above_and_dependencies=None, packages_above_depth=None, packages_select_by_dep=None, packages_skip_by_dep=None, packages_skip_up_to=None, packages_select_build_failed=False, packages_skip_build_finished=False, packages_select_test_failures=False, packages_skip_test_passed=False, packages_select=None, packages_skip=None, packages_select_regex=None, packages_skip_regex=None, packages_start=None, packages_end=None, allow_overriding=[], cmake_args=['-DCMAKE_BUILD_TYPE=RelWithDebInfo'], cmake_target=None, cmake_target_skip_unavailable=False, cmake_clean_cache=False, cmake_clean_first=False, cmake_force_configure=False, ament_cmake_args=None, catkin_cmake_args=None, catkin_skip_building_tests=False, verb_parser=<colcon_defaults.argument_parser.defaults.DefaultArgumentsDecorator object at 0x7fed3c0f5390>, verb_extension=<colcon_core.verb.build.BuildVerb object at 0x7fed3c0f4e20>, main=<bound method BuildVerb.main of <colcon_core.verb.build.BuildVerb object at 0x7fed3c0f4e20>>)
[0.384s] Level 1:colcon.colcon_core.package_discovery:discover_packages(colcon_meta) check parameters
[0.384s] Level 1:colcon.colcon_core.package_discovery:discover_packages(recursive) check parameters
[0.384s] Level 1:colcon.colcon_core.package_discovery:discover_packages(ignore) check parameters
[0.384s] Level 1:colcon.colcon_core.package_discovery:discover_packages(path) check parameters
[0.385s] Level 1:colcon.colcon_core.package_discovery:discover_packages(recursive) discover
[0.385s] INFO:colcon.colcon_core.package_discovery:Crawling recursively for packages in '/home/jani/rosdev/Janabot'
[0.385s] Level 1:colcon.colcon_core.package_identification:_identify(/home/jani/rosdev/Janabot) by extensions ['ignore', 'ignore_ament_install']
[0.385s] Level 1:colcon.colcon_core.package_identification:_identify(/home/jani/rosdev/Janabot) by extension 'ignore'
[0.385s] Level 1:colcon.colcon_core.package_identification:_identify(/home/jani/rosdev/Janabot) by extension 'ignore_ament_install'
[0.385s] Level 1:colcon.colcon_core.package_identification:_identify(/home/jani/rosdev/Janabot) by extensions ['colcon_pkg']
[0.385s] Level 1:colcon.colcon_core.package_identification:_identify(/home/jani/rosdev/Janabot) by extension 'colcon_pkg'
[0.385s] Level 1:colcon.colcon_core.package_identification:_identify(/home/jani/rosdev/Janabot) by extensions ['colcon_meta']
[0.385s] Level 1:colcon.colcon_core.package_identification:_identify(/home/jani/rosdev/Janabot) by extension 'colcon_meta'
[0.385s] Level 1:colcon.colcon_core.package_identification:_identify(/home/jani/rosdev/Janabot) by extensions ['ros']
[0.385s] Level 1:colcon.colcon_core.package_identification:_identify(/home/jani/rosdev/Janabot) by extension 'ros'
[0.397s] Level 1:colcon.colcon_core.package_identification:_identify(/home/jani/rosdev/Janabot) by extensions ['cmake', 'python']
[0.397s] Level 1:colcon.colcon_core.package_identification:_identify(/home/jani/rosdev/Janabot) by extension 'cmake'
[0.398s] Level 1:colcon.colcon_core.package_identification:_identify(/home/jani/rosdev/Janabot) by extension 'python'
[0.398s] Level 1:colcon.colcon_core.package_identification:_identify(/home/jani/rosdev/Janabot) by extensions ['python_setup_py']
[0.398s] Level 1:colcon.colcon_core.package_identification:_identify(/home/jani/rosdev/Janabot) by extension 'python_setup_py'
[0.398s] Level 1:colcon.colcon_core.package_identification:_identify(/home/jani/rosdev/Janabot/build) by extensions ['ignore', 'ignore_ament_install']
[0.398s] Level 1:colcon.colcon_core.package_identification:_identify(/home/jani/rosdev/Janabot/build) by extension 'ignore'
[0.398s] Level 1:colcon.colcon_core.package_identification:_identify(/home/jani/rosdev/Janabot/build) ignored
[0.398s] Level 1:colcon.colcon_core.package_identification:_identify(/home/jani/rosdev/Janabot/install) by extensions ['ignore', 'ignore_ament_install']
[0.398s] Level 1:colcon.colcon_core.package_identification:_identify(/home/jani/rosdev/Janabot/install) by extension 'ignore'
[0.398s] Level 1:colcon.colcon_core.package_identification:_identify(/home/jani/rosdev/Janabot/install) ignored
[0.398s] Level 1:colcon.colcon_core.package_identification:_identify(/home/jani/rosdev/Janabot/log) by extensions ['ignore', 'ignore_ament_install']
[0.398s] Level 1:colcon.colcon_core.package_identification:_identify(/home/jani/rosdev/Janabot/log) by extension 'ignore'
[0.399s] Level 1:colcon.colcon_core.package_identification:_identify(/home/jani/rosdev/Janabot/log) ignored
[0.399s] Level 1:colcon.colcon_core.package_identification:_identify(/home/jani/rosdev/Janabot/src) by extensions ['ignore', 'ignore_ament_install']
[0.399s] Level 1:colcon.colcon_core.package_identification:_identify(/home/jani/rosdev/Janabot/src) by extension 'ignore'
[0.399s] Level 1:colcon.colcon_core.package_identification:_identify(/home/jani/rosdev/Janabot/src) by extension 'ignore_ament_install'
[0.399s] Level 1:colcon.colcon_core.package_identification:_identify(/home/jani/rosdev/Janabot/src) by extensions ['colcon_pkg']
[0.399s] Level 1:colcon.colcon_core.package_identification:_identify(/home/jani/rosdev/Janabot/src) by extension 'colcon_pkg'
[0.399s] Level 1:colcon.colcon_core.package_identification:_identify(/home/jani/rosdev/Janabot/src) by extensions ['colcon_meta']
[0.399s] Level 1:colcon.colcon_core.package_identification:_identify(/home/jani/rosdev/Janabot/src) by extension 'colcon_meta'
[0.399s] Level 1:colcon.colcon_core.package_identification:_identify(/home/jani/rosdev/Janabot/src) by extensions ['ros']
[0.399s] Level 1:colcon.colcon_core.package_identification:_identify(/home/jani/rosdev/Janabot/src) by extension 'ros'
[0.399s] Level 1:colcon.colcon_core.package_identification:_identify(/home/jani/rosdev/Janabot/src) by extensions ['cmake', 'python']
[0.399s] Level 1:colcon.colcon_core.package_identification:_identify(/home/jani/rosdev/Janabot/src) by extension 'cmake'
[0.399s] Level 1:colcon.colcon_core.package_identification:_identify(/home/jani/rosdev/Janabot/src) by extension 'python'
[0.399s] Level 1:colcon.colcon_core.package_identification:_identify(/home/jani/rosdev/Janabot/src) by extensions ['python_setup_py']
[0.399s] Level 1:colcon.colcon_core.package_identification:_identify(/home/jani/rosdev/Janabot/src) by extension 'python_setup_py'
[0.399s] Level 1:colcon.colcon_core.package_identification:_identify(/home/jani/rosdev/Janabot/src/serial_motor_demo) by extensions ['ignore', 'ignore_ament_install']
[0.399s] Level 1:colcon.colcon_core.package_identification:_identify(/home/jani/rosdev/Janabot/src/serial_motor_demo) by extension 'ignore'
[0.400s] Level 1:colcon.colcon_core.package_identification:_identify(/home/jani/rosdev/Janabot/src/serial_motor_demo) by extension 'ignore_ament_install'
[0.400s] Level 1:colcon.colcon_core.package_identification:_identify(/home/jani/rosdev/Janabot/src/serial_motor_demo) by extensions ['colcon_pkg']
[0.400s] Level 1:colcon.colcon_core.package_identification:_identify(/home/jani/rosdev/Janabot/src/serial_motor_demo) by extension 'colcon_pkg'
[0.400s] Level 1:colcon.colcon_core.package_identification:_identify(/home/jani/rosdev/Janabot/src/serial_motor_demo) by extensions ['colcon_meta']
[0.400s] Level 1:colcon.colcon_core.package_identification:_identify(/home/jani/rosdev/Janabot/src/serial_motor_demo) by extension 'colcon_meta'
[0.400s] Level 1:colcon.colcon_core.package_identification:_identify(/home/jani/rosdev/Janabot/src/serial_motor_demo) by extensions ['ros']
[0.400s] Level 1:colcon.colcon_core.package_identification:_identify(/home/jani/rosdev/Janabot/src/serial_motor_demo) by extension 'ros'
[0.400s] Level 1:colcon.colcon_core.package_identification:_identify(/home/jani/rosdev/Janabot/src/serial_motor_demo) by extensions ['cmake', 'python']
[0.400s] Level 1:colcon.colcon_core.package_identification:_identify(/home/jani/rosdev/Janabot/src/serial_motor_demo) by extension 'cmake'
[0.400s] Level 1:colcon.colcon_core.package_identification:_identify(/home/jani/rosdev/Janabot/src/serial_motor_demo) by extension 'python'
[0.400s] Level 1:colcon.colcon_core.package_identification:_identify(/home/jani/rosdev/Janabot/src/serial_motor_demo) by extensions ['python_setup_py']
[0.400s] Level 1:colcon.colcon_core.package_identification:_identify(/home/jani/rosdev/Janabot/src/serial_motor_demo) by extension 'python_setup_py'
[0.400s] Level 1:colcon.colcon_core.package_identification:_identify(/home/jani/rosdev/Janabot/src/serial_motor_demo/serial_motor_demo) by extensions ['ignore', 'ignore_ament_install']
[0.400s] Level 1:colcon.colcon_core.package_identification:_identify(/home/jani/rosdev/Janabot/src/serial_motor_demo/serial_motor_demo) by extension 'ignore'
[0.400s] Level 1:colcon.colcon_core.package_identification:_identify(/home/jani/rosdev/Janabot/src/serial_motor_demo/serial_motor_demo) by extension 'ignore_ament_install'
[0.400s] Level 1:colcon.colcon_core.package_identification:_identify(/home/jani/rosdev/Janabot/src/serial_motor_demo/serial_motor_demo) by extensions ['colcon_pkg']
[0.400s] Level 1:colcon.colcon_core.package_identification:_identify(/home/jani/rosdev/Janabot/src/serial_motor_demo/serial_motor_demo) by extension 'colcon_pkg'
[0.400s] Level 1:colcon.colcon_core.package_identification:_identify(/home/jani/rosdev/Janabot/src/serial_motor_demo/serial_motor_demo) by extensions ['colcon_meta']
[0.400s] Level 1:colcon.colcon_core.package_identification:_identify(/home/jani/rosdev/Janabot/src/serial_motor_demo/serial_motor_demo) by extension 'colcon_meta'
[0.401s] Level 1:colcon.colcon_core.package_identification:_identify(/home/jani/rosdev/Janabot/src/serial_motor_demo/serial_motor_demo) by extensions ['ros']
[0.401s] Level 1:colcon.colcon_core.package_identification:_identify(/home/jani/rosdev/Janabot/src/serial_motor_demo/serial_motor_demo) by extension 'ros'
[0.404s] DEBUG:colcon.colcon_core.package_identification:Package '/home/jani/rosdev/Janabot/src/serial_motor_demo/serial_motor_demo' with type 'ros.ament_python' and name 'serial_motor_demo'
[0.404s] Level 1:colcon.colcon_core.package_identification:_identify(/home/jani/rosdev/Janabot/src/serial_motor_demo/serial_motor_demo_msgs) by extensions ['ignore', 'ignore_ament_install']
[0.404s] Level 1:colcon.colcon_core.package_identification:_identify(/home/jani/rosdev/Janabot/src/serial_motor_demo/serial_motor_demo_msgs) by extension 'ignore'
[0.404s] Level 1:colcon.colcon_core.package_identification:_identify(/home/jani/rosdev/Janabot/src/serial_motor_demo/serial_motor_demo_msgs) by extension 'ignore_ament_install'
[0.404s] Level 1:colcon.colcon_core.package_identification:_identify(/home/jani/rosdev/Janabot/src/serial_motor_demo/serial_motor_demo_msgs) by extensions ['colcon_pkg']
[0.404s] Level 1:colcon.colcon_core.package_identification:_identify(/home/jani/rosdev/Janabot/src/serial_motor_demo/serial_motor_demo_msgs) by extension 'colcon_pkg'
[0.404s] Level 1:colcon.colcon_core.package_identification:_identify(/home/jani/rosdev/Janabot/src/serial_motor_demo/serial_motor_demo_msgs) by extensions ['colcon_meta']
[0.405s] Level 1:colcon.colcon_core.package_identification:_identify(/home/jani/rosdev/Janabot/src/serial_motor_demo/serial_motor_demo_msgs) by extension 'colcon_meta'
[0.405s] Level 1:colcon.colcon_core.package_identification:_identify(/home/jani/rosdev/Janabot/src/serial_motor_demo/serial_motor_demo_msgs) by extensions ['ros']
[0.405s] Level 1:colcon.colcon_core.package_identification:_identify(/home/jani/rosdev/Janabot/src/serial_motor_demo/serial_motor_demo_msgs) by extension 'ros'
[0.405s] DEBUG:colcon.colcon_core.package_identification:Package '/home/jani/rosdev/Janabot/src/serial_motor_demo/serial_motor_demo_msgs' with type 'ros.ament_cmake' and name 'serial_motor_demo_msgs'
[0.405s] Level 1:colcon.colcon_core.package_discovery:discover_packages(recursive) using defaults
[0.430s] Level 1:colcon.colcon_core.package_discovery:discover_packages(prefix_path) check parameters
[0.430s] Level 1:colcon.colcon_core.package_discovery:discover_packages(prefix_path) discover
[0.434s] DEBUG:colcon.colcon_installed_package_information.package_discovery:Found 316 installed packages in /opt/ros/humble
[0.436s] Level 1:colcon.colcon_core.package_discovery:discover_packages(prefix_path) using defaults
[0.505s] Level 5:colcon.colcon_core.verb:set package 'serial_motor_demo_msgs' build argument 'cmake_args' from command line to '['-DCMAKE_BUILD_TYPE=RelWithDebInfo']'
[0.505s] Level 5:colcon.colcon_core.verb:set package 'serial_motor_demo_msgs' build argument 'cmake_target' from command line to 'None'
[0.505s] Level 5:colcon.colcon_core.verb:set package 'serial_motor_demo_msgs' build argument 'cmake_target_skip_unavailable' from command line to 'False'
[0.505s] Level 5:colcon.colcon_core.verb:set package 'serial_motor_demo_msgs' build argument 'cmake_clean_cache' from command line to 'False'
[0.505s] Level 5:colcon.colcon_core.verb:set package 'serial_motor_demo_msgs' build argument 'cmake_clean_first' from command line to 'False'
[0.505s] Level 5:colcon.colcon_core.verb:set package 'serial_motor_demo_msgs' build argument 'cmake_force_configure' from command line to 'False'
[0.505s] Level 5:colcon.colcon_core.verb:set package 'serial_motor_demo_msgs' build argument 'ament_cmake_args' from command line to 'None'
[0.505s] Level 5:colcon.colcon_core.verb:set package 'serial_motor_demo_msgs' build argument 'catkin_cmake_args' from command line to 'None'
[0.505s] Level 5:colcon.colcon_core.verb:set package 'serial_motor_demo_msgs' build argument 'catkin_skip_building_tests' from command line to 'False'
[0.505s] DEBUG:colcon.colcon_core.verb:Building package 'serial_motor_demo_msgs' with the following arguments: {'ament_cmake_args': None, 'build_base': '/home/jani/rosdev/Janabot/build/serial_motor_demo_msgs', 'catkin_cmake_args': None, 'catkin_skip_building_tests': False, 'cmake_args': ['-DCMAKE_BUILD_TYPE=RelWithDebInfo'], 'cmake_clean_cache': False, 'cmake_clean_first': False, 'cmake_force_configure': False, 'cmake_target': None, 'cmake_target_skip_unavailable': False, 'install_base': '/home/jani/rosdev/Janabot/install/serial_motor_demo_msgs', 'merge_install': False, 'path': '/home/jani/rosdev/Janabot/src/serial_motor_demo/serial_motor_demo_msgs', 'symlink_install': True, 'test_result_base': None}
[0.506s] Level 5:colcon.colcon_core.verb:set package 'serial_motor_demo' build argument 'cmake_args' from command line to '['-DCMAKE_BUILD_TYPE=RelWithDebInfo']'
[0.506s] Level 5:colcon.colcon_core.verb:set package 'serial_motor_demo' build argument 'cmake_target' from command line to 'None'
[0.506s] Level 5:colcon.colcon_core.verb:set package 'serial_motor_demo' build argument 'cmake_target_skip_unavailable' from command line to 'False'
[0.506s] Level 5:colcon.colcon_core.verb:set package 'serial_motor_demo' build argument 'cmake_clean_cache' from command line to 'False'
[0.506s] Level 5:colcon.colcon_core.verb:set package 'serial_motor_demo' build argument 'cmake_clean_first' from command line to 'False'
[0.506s] Level 5:colcon.colcon_core.verb:set package 'serial_motor_demo' build argument 'cmake_force_configure' from command line to 'False'
[0.506s] Level 5:colcon.colcon_core.verb:set package 'serial_motor_demo' build argument 'ament_cmake_args' from command line to 'None'
[0.506s] Level 5:colcon.colcon_core.verb:set package 'serial_motor_demo' build argument 'catkin_cmake_args' from command line to 'None'
[0.506s] Level 5:colcon.colcon_core.verb:set package 'serial_motor_demo' build argument 'catkin_skip_building_tests' from command line to 'False'
[0.506s] DEBUG:colcon.colcon_core.verb:Building package 'serial_motor_demo' with the following arguments: {'ament_cmake_args': None, 'build_base': '/home/jani/rosdev/Janabot/build/serial_motor_demo', 'catkin_cmake_args': None, 'catkin_skip_building_tests': False, 'cmake_args': ['-DCMAKE_BUILD_TYPE=RelWithDebInfo'], 'cmake_clean_cache': False, 'cmake_clean_first': False, 'cmake_force_configure': False, 'cmake_target': None, 'cmake_target_skip_unavailable': False, 'install_base': '/home/jani/rosdev/Janabot/install/serial_motor_demo', 'merge_install': False, 'path': '/home/jani/rosdev/Janabot/src/serial_motor_demo/serial_motor_demo', 'symlink_install': True, 'test_result_base': None}
[0.507s] INFO:colcon.colcon_core.executor:Executing jobs using 'parallel' executor
[0.510s] DEBUG:colcon.colcon_parallel_executor.executor.parallel:run_until_complete
[0.511s] INFO:colcon.colcon_ros.task.ament_cmake.build:Building ROS package in '/home/jani/rosdev/Janabot/src/serial_motor_demo/serial_motor_demo_msgs' with build type 'ament_cmake'
[0.511s] INFO:colcon.colcon_cmake.task.cmake.build:Building CMake package in '/home/jani/rosdev/Janabot/src/serial_motor_demo/serial_motor_demo_msgs'
[0.516s] INFO:colcon.colcon_core.plugin_system:Skipping extension 'colcon_core.shell.bat': Not used on non-Windows systems
[0.517s] INFO:colcon.colcon_core.shell:Skip shell extension 'powershell' for command environment: Not usable outside of PowerShell
[0.517s] DEBUG:colcon.colcon_core.shell:Skip shell extension 'dsv' for command environment
[0.525s] DEBUG:colcon.colcon_core.event_handler.log_command:Invoking command in '/home/jani/rosdev/Janabot/build/serial_motor_demo_msgs': CMAKE_PREFIX_PATH=/opt/ros/humble /usr/bin/cmake /home/jani/rosdev/Janabot/src/serial_motor_demo/serial_motor_demo_msgs -DCMAKE_BUILD_TYPE=RelWithDebInfo -DAMENT_CMAKE_SYMLINK_INSTALL=1 -DCMAKE_INSTALL_PREFIX=/home/jani/rosdev/Janabot/install/serial_motor_demo_msgs
[2.153s] DEBUG:colcon.colcon_core.event_handler.log_command:Invoked command in '/home/jani/rosdev/Janabot/build/serial_motor_demo_msgs' returned '0': CMAKE_PREFIX_PATH=/opt/ros/humble /usr/bin/cmake /home/jani/rosdev/Janabot/src/serial_motor_demo/serial_motor_demo_msgs -DCMAKE_BUILD_TYPE=RelWithDebInfo -DAMENT_CMAKE_SYMLINK_INSTALL=1 -DCMAKE_INSTALL_PREFIX=/home/jani/rosdev/Janabot/install/serial_motor_demo_msgs
[2.156s] DEBUG:colcon.colcon_core.event_handler.log_command:Invoking command in '/home/jani/rosdev/Janabot/build/serial_motor_demo_msgs': CMAKE_PREFIX_PATH=/opt/ros/humble /usr/bin/cmake --build /home/jani/rosdev/Janabot/build/serial_motor_demo_msgs -- -j4 -l4
[8.405s] DEBUG:colcon.colcon_core.event_handler.log_command:Invoked command in '/home/jani/rosdev/Janabot/build/serial_motor_demo_msgs' returned '0': CMAKE_PREFIX_PATH=/opt/ros/humble /usr/bin/cmake --build /home/jani/rosdev/Janabot/build/serial_motor_demo_msgs -- -j4 -l4
[8.517s] DEBUG:colcon.colcon_core.event_handler.log_command:Invoking command in '/home/jani/rosdev/Janabot/build/serial_motor_demo_msgs': CMAKE_PREFIX_PATH=/opt/ros/humble /usr/bin/cmake --install /home/jani/rosdev/Janabot/build/serial_motor_demo_msgs
[9.446s] Level 1:colcon.colcon_core.environment:create_environment_scripts_only(serial_motor_demo_msgs)
[9.447s] DEBUG:colcon.colcon_core.event_handler.log_command:Invoked command in '/home/jani/rosdev/Janabot/build/serial_motor_demo_msgs' returned '0': CMAKE_PREFIX_PATH=/opt/ros/humble /usr/bin/cmake --install /home/jani/rosdev/Janabot/build/serial_motor_demo_msgs
[9.452s] Level 1:colcon.colcon_core.environment:checking '/home/jani/rosdev/Janabot/install/serial_motor_demo_msgs' for CMake module files
[9.453s] Level 1:colcon.colcon_core.environment:checking '/home/jani/rosdev/Janabot/install/serial_motor_demo_msgs' for CMake config files
[9.453s] Level 1:colcon.colcon_core.shell:create_environment_hook('serial_motor_demo_msgs', 'cmake_prefix_path')
[9.455s] INFO:colcon.colcon_core.shell:Creating environment hook '/home/jani/rosdev/Janabot/install/serial_motor_demo_msgs/share/serial_motor_demo_msgs/hook/cmake_prefix_path.ps1'
[9.456s] INFO:colcon.colcon_core.shell:Creating environment descriptor '/home/jani/rosdev/Janabot/install/serial_motor_demo_msgs/share/serial_motor_demo_msgs/hook/cmake_prefix_path.dsv'
[9.456s] INFO:colcon.colcon_core.shell:Creating environment hook '/home/jani/rosdev/Janabot/install/serial_motor_demo_msgs/share/serial_motor_demo_msgs/hook/cmake_prefix_path.sh'
[9.457s] Level 1:colcon.colcon_core.environment:checking '/home/jani/rosdev/Janabot/install/serial_motor_demo_msgs/lib'
[9.457s] Level 1:colcon.colcon_core.shell:create_environment_hook('serial_motor_demo_msgs', 'ld_library_path_lib')
[9.459s] INFO:colcon.colcon_core.shell:Creating environment hook '/home/jani/rosdev/Janabot/install/serial_motor_demo_msgs/share/serial_motor_demo_msgs/hook/ld_library_path_lib.ps1'
[9.459s] INFO:colcon.colcon_core.shell:Creating environment descriptor '/home/jani/rosdev/Janabot/install/serial_motor_demo_msgs/share/serial_motor_demo_msgs/hook/ld_library_path_lib.dsv'
[9.459s] INFO:colcon.colcon_core.shell:Creating environment hook '/home/jani/rosdev/Janabot/install/serial_motor_demo_msgs/share/serial_motor_demo_msgs/hook/ld_library_path_lib.sh'
[9.460s] Level 1:colcon.colcon_core.environment:checking '/home/jani/rosdev/Janabot/install/serial_motor_demo_msgs/bin'
[9.460s] Level 1:colcon.colcon_core.environment:checking '/home/jani/rosdev/Janabot/install/serial_motor_demo_msgs/lib/pkgconfig/serial_motor_demo_msgs.pc'
[9.460s] Level 1:colcon.colcon_core.environment:checking '/home/jani/rosdev/Janabot/install/serial_motor_demo_msgs/lib/python3.10/site-packages'
[9.460s] Level 1:colcon.colcon_core.environment:checking '/home/jani/rosdev/Janabot/install/serial_motor_demo_msgs/bin'
[9.462s] INFO:colcon.colcon_core.shell:Creating package script '/home/jani/rosdev/Janabot/install/serial_motor_demo_msgs/share/serial_motor_demo_msgs/package.ps1'
[9.463s] INFO:colcon.colcon_core.shell:Creating package descriptor '/home/jani/rosdev/Janabot/install/serial_motor_demo_msgs/share/serial_motor_demo_msgs/package.dsv'
[9.463s] INFO:colcon.colcon_core.shell:Creating package script '/home/jani/rosdev/Janabot/install/serial_motor_demo_msgs/share/serial_motor_demo_msgs/package.sh'
[9.464s] INFO:colcon.colcon_core.shell:Creating package script '/home/jani/rosdev/Janabot/install/serial_motor_demo_msgs/share/serial_motor_demo_msgs/package.bash'
[9.465s] INFO:colcon.colcon_core.shell:Creating package script '/home/jani/rosdev/Janabot/install/serial_motor_demo_msgs/share/serial_motor_demo_msgs/package.zsh'
[9.465s] Level 1:colcon.colcon_core.environment:create_file_with_runtime_dependencies(/home/jani/rosdev/Janabot/install/serial_motor_demo_msgs/share/colcon-core/packages/serial_motor_demo_msgs)
[9.565s] Level 1:colcon.colcon_core.environment:create_environment_scripts_only(serial_motor_demo_msgs)
[9.568s] Level 1:colcon.colcon_core.environment:checking '/home/jani/rosdev/Janabot/install/serial_motor_demo_msgs' for CMake module files
[9.568s] Level 1:colcon.colcon_core.environment:checking '/home/jani/rosdev/Janabot/install/serial_motor_demo_msgs' for CMake config files
[9.569s] Level 1:colcon.colcon_core.shell:create_environment_hook('serial_motor_demo_msgs', 'cmake_prefix_path')
[9.570s] INFO:colcon.colcon_core.shell:Creating environment hook '/home/jani/rosdev/Janabot/install/serial_motor_demo_msgs/share/serial_motor_demo_msgs/hook/cmake_prefix_path.ps1'
[9.571s] INFO:colcon.colcon_core.shell:Creating environment descriptor '/home/jani/rosdev/Janabot/install/serial_motor_demo_msgs/share/serial_motor_demo_msgs/hook/cmake_prefix_path.dsv'
[9.571s] INFO:colcon.colcon_core.shell:Creating environment hook '/home/jani/rosdev/Janabot/install/serial_motor_demo_msgs/share/serial_motor_demo_msgs/hook/cmake_prefix_path.sh'
[9.572s] Level 1:colcon.colcon_core.environment:checking '/home/jani/rosdev/Janabot/install/serial_motor_demo_msgs/lib'
[9.572s] Level 1:colcon.colcon_core.shell:create_environment_hook('serial_motor_demo_msgs', 'ld_library_path_lib')
[9.573s] INFO:colcon.colcon_core.shell:Creating environment hook '/home/jani/rosdev/Janabot/install/serial_motor_demo_msgs/share/serial_motor_demo_msgs/hook/ld_library_path_lib.ps1'
[9.573s] INFO:colcon.colcon_core.shell:Creating environment descriptor '/home/jani/rosdev/Janabot/install/serial_motor_demo_msgs/share/serial_motor_demo_msgs/hook/ld_library_path_lib.dsv'
[9.574s] INFO:colcon.colcon_core.shell:Creating environment hook '/home/jani/rosdev/Janabot/install/serial_motor_demo_msgs/share/serial_motor_demo_msgs/hook/ld_library_path_lib.sh'
[9.574s] Level 1:colcon.colcon_core.environment:checking '/home/jani/rosdev/Janabot/install/serial_motor_demo_msgs/bin'
[9.574s] Level 1:colcon.colcon_core.environment:checking '/home/jani/rosdev/Janabot/install/serial_motor_demo_msgs/lib/pkgconfig/serial_motor_demo_msgs.pc'
[9.575s] Level 1:colcon.colcon_core.environment:checking '/home/jani/rosdev/Janabot/install/serial_motor_demo_msgs/lib/python3.10/site-packages'
[9.575s] Level 1:colcon.colcon_core.environment:checking '/home/jani/rosdev/Janabot/install/serial_motor_demo_msgs/bin'
[9.577s] INFO:colcon.colcon_core.shell:Creating package script '/home/jani/rosdev/Janabot/install/serial_motor_demo_msgs/share/serial_motor_demo_msgs/package.ps1'
[9.577s] INFO:colcon.colcon_core.shell:Creating package descriptor '/home/jani/rosdev/Janabot/install/serial_motor_demo_msgs/share/serial_motor_demo_msgs/package.dsv'
[9.578s] INFO:colcon.colcon_core.shell:Creating package script '/home/jani/rosdev/Janabot/install/serial_motor_demo_msgs/share/serial_motor_demo_msgs/package.sh'
[9.578s] INFO:colcon.colcon_core.shell:Creating package script '/home/jani/rosdev/Janabot/install/serial_motor_demo_msgs/share/serial_motor_demo_msgs/package.bash'
[9.579s] INFO:colcon.colcon_core.shell:Creating package script '/home/jani/rosdev/Janabot/install/serial_motor_demo_msgs/share/serial_motor_demo_msgs/package.zsh'
[9.579s] Level 1:colcon.colcon_core.environment:create_file_with_runtime_dependencies(/home/jani/rosdev/Janabot/install/serial_motor_demo_msgs/share/colcon-core/packages/serial_motor_demo_msgs)
[9.579s] INFO:colcon.colcon_ros.task.ament_python.build:Building ROS package in '/home/jani/rosdev/Janabot/src/serial_motor_demo/serial_motor_demo' with build type 'ament_python'
[9.580s] Level 1:colcon.colcon_core.shell:create_environment_hook('serial_motor_demo', 'ament_prefix_path')
[9.581s] INFO:colcon.colcon_core.shell:Creating environment hook '/home/jani/rosdev/Janabot/install/serial_motor_demo/share/serial_motor_demo/hook/ament_prefix_path.ps1'
[9.582s] INFO:colcon.colcon_core.shell:Creating environment descriptor '/home/jani/rosdev/Janabot/install/serial_motor_demo/share/serial_motor_demo/hook/ament_prefix_path.dsv'
[9.583s] INFO:colcon.colcon_core.shell:Creating environment hook '/home/jani/rosdev/Janabot/install/serial_motor_demo/share/serial_motor_demo/hook/ament_prefix_path.sh'
[9.586s] INFO:colcon.colcon_core.shell:Skip shell extension 'powershell' for command environment: Not usable outside of PowerShell
[9.586s] DEBUG:colcon.colcon_core.shell:Skip shell extension 'dsv' for command environment
[9.889s] INFO:colcon.colcon_core.task.python.build:Building Python package in '/home/jani/rosdev/Janabot/src/serial_motor_demo/serial_motor_demo'
[9.890s] INFO:colcon.colcon_core.shell:Skip shell extension 'powershell' for command environment: Not usable outside of PowerShell
[9.890s] DEBUG:colcon.colcon_core.shell:Skip shell extension 'dsv' for command environment
[10.302s] DEBUG:colcon.colcon_core.event_handler.log_command:Invoking command in '/home/jani/rosdev/Janabot/build/serial_motor_demo': AMENT_PREFIX_PATH=/home/jani/rosdev/Janabot/install/serial_motor_demo_msgs:${AMENT_PREFIX_PATH} CMAKE_PREFIX_PATH=/home/jani/rosdev/Janabot/install/serial_motor_demo_msgs LD_LIBRARY_PATH=/home/jani/rosdev/Janabot/install/serial_motor_demo_msgs/lib:${LD_LIBRARY_PATH} PYTHONPATH=/home/jani/rosdev/Janabot/build/serial_motor_demo/prefix_override:/home/jani/rosdev/Janabot/install/serial_motor_demo/lib/python3.10/site-packages:/home/jani/rosdev/Janabot/install/serial_motor_demo_msgs/local/lib/python3.10/dist-packages:${PYTHONPATH} /usr/bin/python3 setup.py develop --editable --build-directory /home/jani/rosdev/Janabot/build/serial_motor_demo/build --no-deps install_data
[10.814s] Level 1:colcon.colcon_core.shell:create_environment_hook('serial_motor_demo', 'pythonpath_develop')
[10.816s] INFO:colcon.colcon_core.shell:Creating environment hook '/home/jani/rosdev/Janabot/build/serial_motor_demo/share/serial_motor_demo/hook/pythonpath_develop.ps1'
[10.816s] DEBUG:colcon.colcon_core.event_handler.log_command:Invoked command in '/home/jani/rosdev/Janabot/build/serial_motor_demo' returned '0': AMENT_PREFIX_PATH=/home/jani/rosdev/Janabot/install/serial_motor_demo_msgs:${AMENT_PREFIX_PATH} CMAKE_PREFIX_PATH=/home/jani/rosdev/Janabot/install/serial_motor_demo_msgs LD_LIBRARY_PATH=/home/jani/rosdev/Janabot/install/serial_motor_demo_msgs/lib:${LD_LIBRARY_PATH} PYTHONPATH=/home/jani/rosdev/Janabot/build/serial_motor_demo/prefix_override:/home/jani/rosdev/Janabot/install/serial_motor_demo/lib/python3.10/site-packages:/home/jani/rosdev/Janabot/install/serial_motor_demo_msgs/local/lib/python3.10/dist-packages:${PYTHONPATH} /usr/bin/python3 setup.py develop --editable --build-directory /home/jani/rosdev/Janabot/build/serial_motor_demo/build --no-deps install_data
[10.817s] INFO:colcon.colcon_core.shell:Creating environment descriptor '/home/jani/rosdev/Janabot/build/serial_motor_demo/share/serial_motor_demo/hook/pythonpath_develop.dsv'
[10.817s] INFO:colcon.colcon_core.shell:Creating environment hook '/home/jani/rosdev/Janabot/build/serial_motor_demo/share/serial_motor_demo/hook/pythonpath_develop.sh'
[10.819s] Level 1:colcon.colcon_core.environment:checking '/home/jani/rosdev/Janabot/install/serial_motor_demo' for CMake module files
[10.820s] Level 1:colcon.colcon_core.environment:checking '/home/jani/rosdev/Janabot/install/serial_motor_demo' for CMake config files
[10.820s] Level 1:colcon.colcon_core.environment:checking '/home/jani/rosdev/Janabot/install/serial_motor_demo/lib'
[10.820s] Level 1:colcon.colcon_core.environment:checking '/home/jani/rosdev/Janabot/install/serial_motor_demo/bin'
[10.820s] Level 1:colcon.colcon_core.environment:checking '/home/jani/rosdev/Janabot/install/serial_motor_demo/lib/pkgconfig/serial_motor_demo.pc'
[10.821s] Level 1:colcon.colcon_core.environment:checking '/home/jani/rosdev/Janabot/install/serial_motor_demo/lib/python3.10/site-packages'
[10.821s] Level 1:colcon.colcon_core.shell:create_environment_hook('serial_motor_demo', 'pythonpath')
[10.822s] INFO:colcon.colcon_core.shell:Creating environment hook '/home/jani/rosdev/Janabot/install/serial_motor_demo/share/serial_motor_demo/hook/pythonpath.ps1'
[10.822s] INFO:colcon.colcon_core.shell:Creating environment descriptor '/home/jani/rosdev/Janabot/install/serial_motor_demo/share/serial_motor_demo/hook/pythonpath.dsv'
[10.823s] INFO:colcon.colcon_core.shell:Creating environment hook '/home/jani/rosdev/Janabot/install/serial_motor_demo/share/serial_motor_demo/hook/pythonpath.sh'
[10.823s] Level 1:colcon.colcon_core.environment:checking '/home/jani/rosdev/Janabot/install/serial_motor_demo/bin'
[10.823s] Level 1:colcon.colcon_core.environment:create_environment_scripts_only(serial_motor_demo)
[10.825s] INFO:colcon.colcon_core.shell:Creating package script '/home/jani/rosdev/Janabot/install/serial_motor_demo/share/serial_motor_demo/package.ps1'
[10.825s] INFO:colcon.colcon_core.shell:Creating package descriptor '/home/jani/rosdev/Janabot/install/serial_motor_demo/share/serial_motor_demo/package.dsv'
[10.826s] INFO:colcon.colcon_core.shell:Creating package script '/home/jani/rosdev/Janabot/install/serial_motor_demo/share/serial_motor_demo/package.sh'
[10.826s] INFO:colcon.colcon_core.shell:Creating package script '/home/jani/rosdev/Janabot/install/serial_motor_demo/share/serial_motor_demo/package.bash'
[10.826s] INFO:colcon.colcon_core.shell:Creating package script '/home/jani/rosdev/Janabot/install/serial_motor_demo/share/serial_motor_demo/package.zsh'
[10.827s] Level 1:colcon.colcon_core.environment:create_file_with_runtime_dependencies(/home/jani/rosdev/Janabot/install/serial_motor_demo/share/colcon-core/packages/serial_motor_demo)
[10.827s] DEBUG:colcon.colcon_parallel_executor.executor.parallel:closing loop
[10.828s] DEBUG:colcon.colcon_parallel_executor.executor.parallel:loop closed
[10.828s] DEBUG:colcon.colcon_parallel_executor.executor.parallel:run_until_complete finished with '0'
[10.828s] DEBUG:colcon.colcon_core.event_reactor:joining thread
[10.834s] INFO:colcon.colcon_core.plugin_system:Skipping extension 'colcon_notification.desktop_notification.terminal_notifier': Not used on non-Darwin systems
[10.834s] INFO:colcon.colcon_core.plugin_system:Skipping extension 'colcon_notification.desktop_notification.win32': Not used on non-Windows systems
[10.835s] INFO:colcon.colcon_notification.desktop_notification:Sending desktop notification using 'notify2'
[10.847s] DEBUG:colcon.colcon_core.event_reactor:joined thread
[10.848s] INFO:colcon.colcon_core.shell:Creating prefix script '/home/jani/rosdev/Janabot/install/local_setup.ps1'
[10.849s] INFO:colcon.colcon_core.shell:Creating prefix util module '/home/jani/rosdev/Janabot/install/_local_setup_util_ps1.py'
[10.851s] INFO:colcon.colcon_core.shell:Creating prefix chain script '/home/jani/rosdev/Janabot/install/setup.ps1'
[10.852s] INFO:colcon.colcon_core.shell:Creating prefix script '/home/jani/rosdev/Janabot/install/local_setup.sh'
[10.853s] INFO:colcon.colcon_core.shell:Creating prefix util module '/home/jani/rosdev/Janabot/install/_local_setup_util_sh.py'
[10.853s] INFO:colcon.colcon_core.shell:Creating prefix chain script '/home/jani/rosdev/Janabot/install/setup.sh'
[10.854s] INFO:colcon.colcon_core.shell:Creating prefix script '/home/jani/rosdev/Janabot/install/local_setup.bash'
[10.855s] INFO:colcon.colcon_core.shell:Creating prefix chain script '/home/jani/rosdev/Janabot/install/setup.bash'
[10.856s] INFO:colcon.colcon_core.shell:Creating prefix script '/home/jani/rosdev/Janabot/install/local_setup.zsh'
[10.856s] INFO:colcon.colcon_core.shell:Creating prefix chain script '/home/jani/rosdev/Janabot/install/setup.zsh'
