[0.013s] Invoking command in '/home/jani/rosdev/Janabot/build/serial_motor_demo_msgs': CMAKE_PREFIX_PATH=/opt/ros/humble /usr/bin/cmake /home/jani/rosdev/Janabot/src/serial_motor_demo/serial_motor_demo_msgs -DCMAKE_BUILD_TYPE=RelWithDebInfo -DAMENT_CMAKE_SYMLINK_INSTALL=1 -DCMAKE_INSTALL_PREFIX=/home/jani/rosdev/Janabot/install/serial_motor_demo_msgs
[0.086s] -- The C compiler identification is GNU 11.4.0
[0.157s] -- The CXX compiler identification is GNU 11.4.0
[0.166s] -- Detecting C compiler ABI info
[0.237s] -- Detecting C compiler ABI info - done
[0.247s] -- Check for working C compiler: /usr/bin/cc - skipped
[0.247s] -- Detecting C compile features
[0.248s] -- Detecting C compile features - done
[0.252s] -- Detecting CXX compiler ABI info
[0.339s] -- Detecting CXX compiler ABI info - done
[0.349s] -- Check for working CXX compiler: /usr/bin/c++ - skipped
[0.350s] -- Detecting CXX compile features
[0.350s] -- Detecting CXX compile features - done
[0.354s] -- Found ament_cmake: 1.3.5 (/opt/ros/humble/share/ament_cmake/cmake)
[0.536s] -- Found Python3: /usr/bin/python3.10 (found version "3.10.12") found components: Interpreter 
[0.618s] -- Override CMake install command with custom implementation using symlinks instead of copying resources
[0.651s] -- Found ament_lint_auto: 0.12.7 (/opt/ros/humble/share/ament_lint_auto/cmake)
[0.732s] -- Found rosidl_default_generators: 1.2.0 (/opt/ros/humble/share/rosidl_default_generators/cmake)
[0.735s] -- Using all available rosidl_typesupport_c: rosidl_typesupport_fastrtps_c;rosidl_typesupport_introspection_c
[0.742s] -- Found rosidl_adapter: 3.1.5 (/opt/ros/humble/share/rosidl_adapter/cmake)
[0.781s] -- Using all available rosidl_typesupport_cpp: rosidl_typesupport_fastrtps_cpp;rosidl_typesupport_introspection_cpp
[1.022s] -- Found ament_cmake_ros: 0.10.0 (/opt/ros/humble/share/ament_cmake_ros/cmake)
[1.219s] -- Using all available rosidl_typesupport_c: rosidl_typesupport_fastrtps_c;rosidl_typesupport_introspection_c
[1.467s] -- Using all available rosidl_typesupport_cpp: rosidl_typesupport_fastrtps_cpp;rosidl_typesupport_introspection_cpp
[1.491s] -- Found PythonInterp: /usr/bin/python3 (found suitable version "3.10.12", minimum required is "3.6") 
[1.493s] -- Found python_cmake_module: 0.10.0 (/opt/ros/humble/share/python_cmake_module/cmake)
[1.519s] -- Found PythonLibs: /usr/lib/x86_64-linux-gnu/libpython3.10.so (found suitable version "3.10.12", minimum required is "3.5") 
[1.519s] -- Using PYTHON_EXECUTABLE: /usr/bin/python3
[1.519s] -- Using PYTHON_INCLUDE_DIRS: /usr/include/python3.10
[1.519s] -- Using PYTHON_LIBRARIES: /usr/lib/x86_64-linux-gnu/libpython3.10.so
[1.542s] -- Found PythonExtra: .so  
[1.580s] -- Added test 'copyright' to check source files copyright and LICENSE
[1.582s] -- Added test 'lint_cmake' to check CMake code style
[1.583s] -- Added test 'xmllint' to check XML markup files
[1.589s] -- Configuring done
[1.629s] -- Generating done
[1.633s] -- Build files have been written to: /home/jani/rosdev/Janabot/build/serial_motor_demo_msgs
[1.641s] Invoked command in '/home/jani/rosdev/Janabot/build/serial_motor_demo_msgs' returned '0': CMAKE_PREFIX_PATH=/opt/ros/humble /usr/bin/cmake /home/jani/rosdev/Janabot/src/serial_motor_demo/serial_motor_demo_msgs -DCMAKE_BUILD_TYPE=RelWithDebInfo -DAMENT_CMAKE_SYMLINK_INSTALL=1 -DCMAKE_INSTALL_PREFIX=/home/jani/rosdev/Janabot/install/serial_motor_demo_msgs
[1.644s] Invoking command in '/home/jani/rosdev/Janabot/build/serial_motor_demo_msgs': CMAKE_PREFIX_PATH=/opt/ros/humble /usr/bin/cmake --build /home/jani/rosdev/Janabot/build/serial_motor_demo_msgs -- -j4 -l4
[1.689s] [  2%] [34m[1mGenerating C code for ROS interfaces[0m
[1.698s] [  4%] [34m[1mGenerating C++ code for ROS interfaces[0m
[1.719s] [  4%] Built target ament_cmake_python_symlink_serial_motor_demo_msgs
[2.126s] running egg_info
[2.127s] creating serial_motor_demo_msgs.egg-info
[2.127s] writing serial_motor_demo_msgs.egg-info/PKG-INFO
[2.127s] writing dependency_links to serial_motor_demo_msgs.egg-info/dependency_links.txt
[2.127s] writing top-level names to serial_motor_demo_msgs.egg-info/top_level.txt
[2.128s] writing manifest file 'serial_motor_demo_msgs.egg-info/SOURCES.txt'
[2.130s] reading manifest file 'serial_motor_demo_msgs.egg-info/SOURCES.txt'
[2.131s] writing manifest file 'serial_motor_demo_msgs.egg-info/SOURCES.txt'
[2.165s] [  4%] Built target ament_cmake_python_build_serial_motor_demo_msgs_egg
[2.287s] [  4%] Built target serial_motor_demo_msgs__cpp
[2.302s] [  8%] [34m[1mGenerating C++ introspection for ROS interfaces[0m
[2.303s] [  8%] [34m[1mGenerating C++ type support for eProsima Fast-RTPS[0m
[2.305s] [ 10%] [34m[1mGenerating C++ type support dispatch for ROS interfaces[0m
[2.516s] [ 12%] [32mBuilding C object CMakeFiles/serial_motor_demo_msgs__rosidl_generator_c.dir/rosidl_generator_c/serial_motor_demo_msgs/msg/detail/motor_command__functions.c.o[0m
[2.660s] [ 14%] [32mBuilding C object CMakeFiles/serial_motor_demo_msgs__rosidl_generator_c.dir/rosidl_generator_c/serial_motor_demo_msgs/msg/detail/motor_vels__functions.c.o[0m
[2.801s] [ 17%] [32mBuilding C object CMakeFiles/serial_motor_demo_msgs__rosidl_generator_c.dir/rosidl_generator_c/serial_motor_demo_msgs/msg/detail/encoder_vals__functions.c.o[0m
[2.810s] [ 19%] [32mBuilding CXX object CMakeFiles/serial_motor_demo_msgs__rosidl_typesupport_cpp.dir/rosidl_typesupport_cpp/serial_motor_demo_msgs/msg/motor_command__type_support.cpp.o[0m
[2.914s] [ 21%] [32mBuilding CXX object CMakeFiles/serial_motor_demo_msgs__rosidl_typesupport_introspection_cpp.dir/rosidl_typesupport_introspection_cpp/serial_motor_demo_msgs/msg/detail/motor_command__type_support.cpp.o[0m
[2.948s] [ 23%] [32m[1mLinking C shared library libserial_motor_demo_msgs__rosidl_generator_c.so[0m
[3.022s] [ 23%] Built target serial_motor_demo_msgs__rosidl_generator_c
[3.047s] [ 25%] [32mBuilding CXX object CMakeFiles/serial_motor_demo_msgs__rosidl_typesupport_fastrtps_cpp.dir/rosidl_typesupport_fastrtps_cpp/serial_motor_demo_msgs/msg/detail/dds_fastrtps/motor_command__type_support.cpp.o[0m
[3.060s] [ 27%] [34m[1mGenerating C type support for eProsima Fast-RTPS[0m
[3.421s] [ 29%] [32mBuilding CXX object CMakeFiles/serial_motor_demo_msgs__rosidl_typesupport_cpp.dir/rosidl_typesupport_cpp/serial_motor_demo_msgs/msg/motor_vels__type_support.cpp.o[0m
[3.862s] [ 31%] [32mBuilding CXX object CMakeFiles/serial_motor_demo_msgs__rosidl_typesupport_introspection_cpp.dir/rosidl_typesupport_introspection_cpp/serial_motor_demo_msgs/msg/detail/motor_vels__type_support.cpp.o[0m
[3.985s] [ 34%] [32mBuilding CXX object CMakeFiles/serial_motor_demo_msgs__rosidl_typesupport_fastrtps_c.dir/rosidl_typesupport_fastrtps_c/serial_motor_demo_msgs/msg/detail/motor_command__type_support_c.cpp.o[0m
[4.139s] [ 36%] [32mBuilding CXX object CMakeFiles/serial_motor_demo_msgs__rosidl_typesupport_cpp.dir/rosidl_typesupport_cpp/serial_motor_demo_msgs/msg/encoder_vals__type_support.cpp.o[0m
[4.271s] [ 38%] [32mBuilding CXX object CMakeFiles/serial_motor_demo_msgs__rosidl_typesupport_fastrtps_cpp.dir/rosidl_typesupport_fastrtps_cpp/serial_motor_demo_msgs/msg/detail/dds_fastrtps/motor_vels__type_support.cpp.o[0m
[4.714s] [ 40%] [32mBuilding CXX object CMakeFiles/serial_motor_demo_msgs__rosidl_typesupport_introspection_cpp.dir/rosidl_typesupport_introspection_cpp/serial_motor_demo_msgs/msg/detail/encoder_vals__type_support.cpp.o[0m
[4.824s] [ 42%] [32m[1mLinking CXX shared library libserial_motor_demo_msgs__rosidl_typesupport_cpp.so[0m
[4.903s] [ 42%] Built target serial_motor_demo_msgs__rosidl_typesupport_cpp
[4.920s] [ 44%] [34m[1mGenerating C introspection for ROS interfaces[0m
[5.170s] [ 46%] [32mBuilding CXX object CMakeFiles/serial_motor_demo_msgs__rosidl_typesupport_fastrtps_c.dir/rosidl_typesupport_fastrtps_c/serial_motor_demo_msgs/msg/detail/motor_vels__type_support_c.cpp.o[0m
[5.453s] [ 48%] [32mBuilding CXX object CMakeFiles/serial_motor_demo_msgs__rosidl_typesupport_fastrtps_cpp.dir/rosidl_typesupport_fastrtps_cpp/serial_motor_demo_msgs/msg/detail/dds_fastrtps/encoder_vals__type_support.cpp.o[0m
[5.575s] [ 51%] [32m[1mLinking CXX shared library libserial_motor_demo_msgs__rosidl_typesupport_introspection_cpp.so[0m
[5.699s] [ 51%] Built target serial_motor_demo_msgs__rosidl_typesupport_introspection_cpp
[5.716s] [ 53%] [32mBuilding CXX object CMakeFiles/serial_motor_demo_msgs__rosidl_typesupport_fastrtps_c.dir/rosidl_typesupport_fastrtps_c/serial_motor_demo_msgs/msg/detail/encoder_vals__type_support_c.cpp.o[0m
[5.745s] [ 55%] [32mBuilding C object CMakeFiles/serial_motor_demo_msgs__rosidl_typesupport_introspection_c.dir/rosidl_typesupport_introspection_c/serial_motor_demo_msgs/msg/detail/motor_command__type_support.c.o[0m
[5.920s] [ 57%] [32mBuilding C object CMakeFiles/serial_motor_demo_msgs__rosidl_typesupport_introspection_c.dir/rosidl_typesupport_introspection_c/serial_motor_demo_msgs/msg/detail/motor_vels__type_support.c.o[0m
[6.033s] [ 59%] [32mBuilding C object CMakeFiles/serial_motor_demo_msgs__rosidl_typesupport_introspection_c.dir/rosidl_typesupport_introspection_c/serial_motor_demo_msgs/msg/detail/encoder_vals__type_support.c.o[0m
[6.091s] [ 61%] [34m[1mGenerating C type support dispatch for ROS interfaces[0m
[6.140s] [ 63%] [32m[1mLinking C shared library libserial_motor_demo_msgs__rosidl_typesupport_introspection_c.so[0m
[6.328s] [ 63%] Built target serial_motor_demo_msgs__rosidl_typesupport_introspection_c
[6.463s] [ 65%] [32m[1mLinking CXX shared library libserial_motor_demo_msgs__rosidl_typesupport_fastrtps_cpp.so[0m
[6.509s] [ 68%] [32m[1mLinking CXX shared library libserial_motor_demo_msgs__rosidl_typesupport_fastrtps_c.so[0m
[6.647s] [ 68%] Built target serial_motor_demo_msgs__rosidl_typesupport_fastrtps_cpp
[6.667s] [ 70%] [32mBuilding CXX object CMakeFiles/serial_motor_demo_msgs__rosidl_typesupport_c.dir/rosidl_typesupport_c/serial_motor_demo_msgs/msg/motor_vels__type_support.cpp.o[0m
[6.669s] [ 72%] [32mBuilding CXX object CMakeFiles/serial_motor_demo_msgs__rosidl_typesupport_c.dir/rosidl_typesupport_c/serial_motor_demo_msgs/msg/motor_command__type_support.cpp.o[0m
[6.678s] [ 72%] Built target serial_motor_demo_msgs__rosidl_typesupport_fastrtps_c
[6.682s] [ 74%] [32mBuilding CXX object CMakeFiles/serial_motor_demo_msgs__rosidl_typesupport_c.dir/rosidl_typesupport_c/serial_motor_demo_msgs/msg/encoder_vals__type_support.cpp.o[0m
[6.728s] [ 76%] [32m[1mLinking CXX shared library libserial_motor_demo_msgs__rosidl_typesupport_c.so[0m
[6.773s] [ 76%] Built target serial_motor_demo_msgs__rosidl_typesupport_c
[6.794s] [ 76%] Built target serial_motor_demo_msgs
[6.815s] [ 78%] [34m[1mGenerating Python code for ROS interfaces[0m
[7.309s] [ 78%] Built target serial_motor_demo_msgs__py
[7.332s] [ 80%] [32mBuilding C object CMakeFiles/serial_motor_demo_msgs__rosidl_generator_py.dir/rosidl_generator_py/serial_motor_demo_msgs/msg/_motor_vels_s.c.o[0m
[7.335s] [ 85%] [32mBuilding C object CMakeFiles/serial_motor_demo_msgs__rosidl_generator_py.dir/rosidl_generator_py/serial_motor_demo_msgs/msg/_motor_command_s.c.o[0m
[7.336s] [ 85%] [32mBuilding C object CMakeFiles/serial_motor_demo_msgs__rosidl_generator_py.dir/rosidl_generator_py/serial_motor_demo_msgs/msg/_encoder_vals_s.c.o[0m
[7.525s] [ 87%] [32m[1mLinking C shared library rosidl_generator_py/serial_motor_demo_msgs/libserial_motor_demo_msgs__rosidl_generator_py.so[0m
[7.568s] [ 87%] Built target serial_motor_demo_msgs__rosidl_generator_py
[7.596s] [ 89%] [32mBuilding C object CMakeFiles/serial_motor_demo_msgs__rosidl_typesupport_fastrtps_c__pyext.dir/rosidl_generator_py/serial_motor_demo_msgs/_serial_motor_demo_msgs_s.ep.rosidl_typesupport_fastrtps_c.c.o[0m
[7.598s] [ 91%] [32mBuilding C object CMakeFiles/serial_motor_demo_msgs__rosidl_typesupport_introspection_c__pyext.dir/rosidl_generator_py/serial_motor_demo_msgs/_serial_motor_demo_msgs_s.ep.rosidl_typesupport_introspection_c.c.o[0m
[7.599s] [ 93%] [32mBuilding C object CMakeFiles/serial_motor_demo_msgs__rosidl_typesupport_c__pyext.dir/rosidl_generator_py/serial_motor_demo_msgs/_serial_motor_demo_msgs_s.ep.rosidl_typesupport_c.c.o[0m
[7.761s] [ 95%] [32m[1mLinking C shared library rosidl_generator_py/serial_motor_demo_msgs/serial_motor_demo_msgs_s__rosidl_typesupport_fastrtps_c.cpython-310-x86_64-linux-gnu.so[0m
[7.820s] [ 95%] Built target serial_motor_demo_msgs__rosidl_typesupport_fastrtps_c__pyext
[7.838s] [ 97%] [32m[1mLinking C shared library rosidl_generator_py/serial_motor_demo_msgs/serial_motor_demo_msgs_s__rosidl_typesupport_c.cpython-310-x86_64-linux-gnu.so[0m
[7.840s] [100%] [32m[1mLinking C shared library rosidl_generator_py/serial_motor_demo_msgs/serial_motor_demo_msgs_s__rosidl_typesupport_introspection_c.cpython-310-x86_64-linux-gnu.so[0m
[7.876s] [100%] Built target serial_motor_demo_msgs__rosidl_typesupport_c__pyext
[7.877s] [100%] Built target serial_motor_demo_msgs__rosidl_typesupport_introspection_c__pyext
[7.893s] Invoked command in '/home/jani/rosdev/Janabot/build/serial_motor_demo_msgs' returned '0': CMAKE_PREFIX_PATH=/opt/ros/humble /usr/bin/cmake --build /home/jani/rosdev/Janabot/build/serial_motor_demo_msgs -- -j4 -l4
[8.005s] Invoking command in '/home/jani/rosdev/Janabot/build/serial_motor_demo_msgs': CMAKE_PREFIX_PATH=/opt/ros/humble /usr/bin/cmake --install /home/jani/rosdev/Janabot/build/serial_motor_demo_msgs
[8.013s] -- Install configuration: "RelWithDebInfo"
[8.014s] -- Execute custom install script
[8.014s] -- Symlinking: /home/jani/rosdev/Janabot/install/serial_motor_demo_msgs/share/ament_index/resource_index/rosidl_interfaces/serial_motor_demo_msgs
[8.024s] -- Symlinking: /home/jani/rosdev/Janabot/install/serial_motor_demo_msgs/include/serial_motor_demo_msgs/serial_motor_demo_msgs/msg/detail/encoder_vals__functions.h
[8.033s] -- Symlinking: /home/jani/rosdev/Janabot/install/serial_motor_demo_msgs/include/serial_motor_demo_msgs/serial_motor_demo_msgs/msg/detail/encoder_vals__struct.h
[8.043s] -- Symlinking: /home/jani/rosdev/Janabot/install/serial_motor_demo_msgs/include/serial_motor_demo_msgs/serial_motor_demo_msgs/msg/detail/encoder_vals__type_support.h
[8.052s] -- Symlinking: /home/jani/rosdev/Janabot/install/serial_motor_demo_msgs/include/serial_motor_demo_msgs/serial_motor_demo_msgs/msg/detail/motor_command__functions.h
[8.062s] -- Symlinking: /home/jani/rosdev/Janabot/install/serial_motor_demo_msgs/include/serial_motor_demo_msgs/serial_motor_demo_msgs/msg/detail/motor_command__struct.h
[8.072s] -- Symlinking: /home/jani/rosdev/Janabot/install/serial_motor_demo_msgs/include/serial_motor_demo_msgs/serial_motor_demo_msgs/msg/detail/motor_command__type_support.h
[8.082s] -- Symlinking: /home/jani/rosdev/Janabot/install/serial_motor_demo_msgs/include/serial_motor_demo_msgs/serial_motor_demo_msgs/msg/detail/motor_vels__functions.h
[8.091s] -- Symlinking: /home/jani/rosdev/Janabot/install/serial_motor_demo_msgs/include/serial_motor_demo_msgs/serial_motor_demo_msgs/msg/detail/motor_vels__struct.h
[8.100s] -- Symlinking: /home/jani/rosdev/Janabot/install/serial_motor_demo_msgs/include/serial_motor_demo_msgs/serial_motor_demo_msgs/msg/detail/motor_vels__type_support.h
[8.109s] -- Symlinking: /home/jani/rosdev/Janabot/install/serial_motor_demo_msgs/include/serial_motor_demo_msgs/serial_motor_demo_msgs/msg/encoder_vals.h
[8.119s] -- Symlinking: /home/jani/rosdev/Janabot/install/serial_motor_demo_msgs/include/serial_motor_demo_msgs/serial_motor_demo_msgs/msg/motor_command.h
[8.128s] -- Symlinking: /home/jani/rosdev/Janabot/install/serial_motor_demo_msgs/include/serial_motor_demo_msgs/serial_motor_demo_msgs/msg/motor_vels.h
[8.138s] -- Symlinking: /home/jani/rosdev/Janabot/install/serial_motor_demo_msgs/include/serial_motor_demo_msgs/serial_motor_demo_msgs/msg/rosidl_generator_c__visibility_control.h
[8.147s] -- Symlinking: /home/jani/rosdev/Janabot/install/serial_motor_demo_msgs/share/serial_motor_demo_msgs/environment/library_path.sh
[8.156s] -- Symlinking: /home/jani/rosdev/Janabot/install/serial_motor_demo_msgs/share/serial_motor_demo_msgs/environment/library_path.dsv
[8.166s] -- Symlinking: /home/jani/rosdev/Janabot/install/serial_motor_demo_msgs/include/serial_motor_demo_msgs/serial_motor_demo_msgs/msg/detail/encoder_vals__rosidl_typesupport_fastrtps_c.h
[8.175s] -- Symlinking: /home/jani/rosdev/Janabot/install/serial_motor_demo_msgs/include/serial_motor_demo_msgs/serial_motor_demo_msgs/msg/detail/motor_command__rosidl_typesupport_fastrtps_c.h
[8.184s] -- Symlinking: /home/jani/rosdev/Janabot/install/serial_motor_demo_msgs/include/serial_motor_demo_msgs/serial_motor_demo_msgs/msg/detail/motor_vels__rosidl_typesupport_fastrtps_c.h
[8.194s] -- Symlinking: /home/jani/rosdev/Janabot/install/serial_motor_demo_msgs/include/serial_motor_demo_msgs/serial_motor_demo_msgs/msg/rosidl_typesupport_fastrtps_c__visibility_control.h
[8.204s] -- Symlinking: /home/jani/rosdev/Janabot/install/serial_motor_demo_msgs/include/serial_motor_demo_msgs/serial_motor_demo_msgs/msg/detail/encoder_vals__rosidl_typesupport_introspection_c.h
[8.213s] -- Symlinking: /home/jani/rosdev/Janabot/install/serial_motor_demo_msgs/include/serial_motor_demo_msgs/serial_motor_demo_msgs/msg/detail/motor_command__rosidl_typesupport_introspection_c.h
[8.222s] -- Symlinking: /home/jani/rosdev/Janabot/install/serial_motor_demo_msgs/include/serial_motor_demo_msgs/serial_motor_demo_msgs/msg/detail/motor_vels__rosidl_typesupport_introspection_c.h
[8.232s] -- Symlinking: /home/jani/rosdev/Janabot/install/serial_motor_demo_msgs/include/serial_motor_demo_msgs/serial_motor_demo_msgs/msg/rosidl_typesupport_introspection_c__visibility_control.h
[8.241s] -- Symlinking: /home/jani/rosdev/Janabot/install/serial_motor_demo_msgs/include/serial_motor_demo_msgs/serial_motor_demo_msgs/msg/detail/encoder_vals__builder.hpp
[8.251s] -- Symlinking: /home/jani/rosdev/Janabot/install/serial_motor_demo_msgs/include/serial_motor_demo_msgs/serial_motor_demo_msgs/msg/detail/encoder_vals__struct.hpp
[8.260s] -- Symlinking: /home/jani/rosdev/Janabot/install/serial_motor_demo_msgs/include/serial_motor_demo_msgs/serial_motor_demo_msgs/msg/detail/encoder_vals__traits.hpp
[8.270s] -- Symlinking: /home/jani/rosdev/Janabot/install/serial_motor_demo_msgs/include/serial_motor_demo_msgs/serial_motor_demo_msgs/msg/detail/motor_command__builder.hpp
[8.279s] -- Symlinking: /home/jani/rosdev/Janabot/install/serial_motor_demo_msgs/include/serial_motor_demo_msgs/serial_motor_demo_msgs/msg/detail/motor_command__struct.hpp
[8.288s] -- Symlinking: /home/jani/rosdev/Janabot/install/serial_motor_demo_msgs/include/serial_motor_demo_msgs/serial_motor_demo_msgs/msg/detail/motor_command__traits.hpp
[8.297s] -- Symlinking: /home/jani/rosdev/Janabot/install/serial_motor_demo_msgs/include/serial_motor_demo_msgs/serial_motor_demo_msgs/msg/detail/motor_vels__builder.hpp
[8.306s] -- Symlinking: /home/jani/rosdev/Janabot/install/serial_motor_demo_msgs/include/serial_motor_demo_msgs/serial_motor_demo_msgs/msg/detail/motor_vels__struct.hpp
[8.315s] -- Symlinking: /home/jani/rosdev/Janabot/install/serial_motor_demo_msgs/include/serial_motor_demo_msgs/serial_motor_demo_msgs/msg/detail/motor_vels__traits.hpp
[8.325s] -- Symlinking: /home/jani/rosdev/Janabot/install/serial_motor_demo_msgs/include/serial_motor_demo_msgs/serial_motor_demo_msgs/msg/encoder_vals.hpp
[8.334s] -- Symlinking: /home/jani/rosdev/Janabot/install/serial_motor_demo_msgs/include/serial_motor_demo_msgs/serial_motor_demo_msgs/msg/motor_command.hpp
[8.344s] -- Symlinking: /home/jani/rosdev/Janabot/install/serial_motor_demo_msgs/include/serial_motor_demo_msgs/serial_motor_demo_msgs/msg/motor_vels.hpp
[8.353s] -- Symlinking: /home/jani/rosdev/Janabot/install/serial_motor_demo_msgs/include/serial_motor_demo_msgs/serial_motor_demo_msgs/msg/detail/encoder_vals__rosidl_typesupport_fastrtps_cpp.hpp
[8.363s] -- Symlinking: /home/jani/rosdev/Janabot/install/serial_motor_demo_msgs/include/serial_motor_demo_msgs/serial_motor_demo_msgs/msg/detail/motor_command__rosidl_typesupport_fastrtps_cpp.hpp
[8.372s] -- Symlinking: /home/jani/rosdev/Janabot/install/serial_motor_demo_msgs/include/serial_motor_demo_msgs/serial_motor_demo_msgs/msg/detail/motor_vels__rosidl_typesupport_fastrtps_cpp.hpp
[8.381s] -- Symlinking: /home/jani/rosdev/Janabot/install/serial_motor_demo_msgs/include/serial_motor_demo_msgs/serial_motor_demo_msgs/msg/rosidl_typesupport_fastrtps_cpp__visibility_control.h
[8.391s] -- Symlinking: /home/jani/rosdev/Janabot/install/serial_motor_demo_msgs/include/serial_motor_demo_msgs/serial_motor_demo_msgs/msg/detail/encoder_vals__rosidl_typesupport_introspection_cpp.hpp
[8.400s] -- Symlinking: /home/jani/rosdev/Janabot/install/serial_motor_demo_msgs/include/serial_motor_demo_msgs/serial_motor_demo_msgs/msg/detail/motor_command__rosidl_typesupport_introspection_cpp.hpp
[8.409s] -- Symlinking: /home/jani/rosdev/Janabot/install/serial_motor_demo_msgs/include/serial_motor_demo_msgs/serial_motor_demo_msgs/msg/detail/motor_vels__rosidl_typesupport_introspection_cpp.hpp
[8.418s] -- Symlinking: /home/jani/rosdev/Janabot/install/serial_motor_demo_msgs/share/serial_motor_demo_msgs/environment/pythonpath.sh
[8.428s] -- Symlinking: /home/jani/rosdev/Janabot/install/serial_motor_demo_msgs/share/serial_motor_demo_msgs/environment/pythonpath.dsv
[8.437s] -- Symlinking: /home/jani/rosdev/Janabot/install/serial_motor_demo_msgs/local/lib/python3.10/dist-packages/serial_motor_demo_msgs-0.0.0-py3.10.egg-info/PKG-INFO
[8.447s] -- Symlinking: /home/jani/rosdev/Janabot/install/serial_motor_demo_msgs/local/lib/python3.10/dist-packages/serial_motor_demo_msgs-0.0.0-py3.10.egg-info/SOURCES.txt
[8.456s] -- Symlinking: /home/jani/rosdev/Janabot/install/serial_motor_demo_msgs/local/lib/python3.10/dist-packages/serial_motor_demo_msgs-0.0.0-py3.10.egg-info/dependency_links.txt
[8.465s] -- Symlinking: /home/jani/rosdev/Janabot/install/serial_motor_demo_msgs/local/lib/python3.10/dist-packages/serial_motor_demo_msgs-0.0.0-py3.10.egg-info/top_level.txt
[8.475s] -- Symlinking: /home/jani/rosdev/Janabot/install/serial_motor_demo_msgs/local/lib/python3.10/dist-packages/serial_motor_demo_msgs/__init__.py
[8.485s] -- Symlinking: /home/jani/rosdev/Janabot/install/serial_motor_demo_msgs/local/lib/python3.10/dist-packages/serial_motor_demo_msgs/_serial_motor_demo_msgs_s.ep.rosidl_typesupport_c.c
[8.494s] -- Symlinking: /home/jani/rosdev/Janabot/install/serial_motor_demo_msgs/local/lib/python3.10/dist-packages/serial_motor_demo_msgs/_serial_motor_demo_msgs_s.ep.rosidl_typesupport_fastrtps_c.c
[8.503s] -- Symlinking: /home/jani/rosdev/Janabot/install/serial_motor_demo_msgs/local/lib/python3.10/dist-packages/serial_motor_demo_msgs/_serial_motor_demo_msgs_s.ep.rosidl_typesupport_introspection_c.c
[8.512s] -- Symlinking: /home/jani/rosdev/Janabot/install/serial_motor_demo_msgs/local/lib/python3.10/dist-packages/serial_motor_demo_msgs/libserial_motor_demo_msgs__rosidl_generator_py.so
[8.521s] -- Symlinking: /home/jani/rosdev/Janabot/install/serial_motor_demo_msgs/local/lib/python3.10/dist-packages/serial_motor_demo_msgs/msg/__init__.py
[8.530s] -- Symlinking: /home/jani/rosdev/Janabot/install/serial_motor_demo_msgs/local/lib/python3.10/dist-packages/serial_motor_demo_msgs/msg/_encoder_vals.py
[8.540s] -- Symlinking: /home/jani/rosdev/Janabot/install/serial_motor_demo_msgs/local/lib/python3.10/dist-packages/serial_motor_demo_msgs/msg/_encoder_vals_s.c
[8.549s] -- Symlinking: /home/jani/rosdev/Janabot/install/serial_motor_demo_msgs/local/lib/python3.10/dist-packages/serial_motor_demo_msgs/msg/_motor_command.py
[8.558s] -- Symlinking: /home/jani/rosdev/Janabot/install/serial_motor_demo_msgs/local/lib/python3.10/dist-packages/serial_motor_demo_msgs/msg/_motor_command_s.c
[8.568s] -- Symlinking: /home/jani/rosdev/Janabot/install/serial_motor_demo_msgs/local/lib/python3.10/dist-packages/serial_motor_demo_msgs/msg/_motor_vels.py
[8.578s] -- Symlinking: /home/jani/rosdev/Janabot/install/serial_motor_demo_msgs/local/lib/python3.10/dist-packages/serial_motor_demo_msgs/msg/_motor_vels_s.c
[8.587s] -- Symlinking: /home/jani/rosdev/Janabot/install/serial_motor_demo_msgs/local/lib/python3.10/dist-packages/serial_motor_demo_msgs/serial_motor_demo_msgs_s__rosidl_typesupport_c.cpython-310-x86_64-linux-gnu.so
[8.596s] -- Symlinking: /home/jani/rosdev/Janabot/install/serial_motor_demo_msgs/local/lib/python3.10/dist-packages/serial_motor_demo_msgs/serial_motor_demo_msgs_s__rosidl_typesupport_fastrtps_c.cpython-310-x86_64-linux-gnu.so
[8.605s] -- Symlinking: /home/jani/rosdev/Janabot/install/serial_motor_demo_msgs/local/lib/python3.10/dist-packages/serial_motor_demo_msgs/serial_motor_demo_msgs_s__rosidl_typesupport_introspection_c.cpython-310-x86_64-linux-gnu.so
[8.614s] -- Up-to-date symlink: /home/jani/rosdev/Janabot/install/serial_motor_demo_msgs/local/lib/python3.10/dist-packages/serial_motor_demo_msgs/serial_motor_demo_msgs_s__rosidl_typesupport_fastrtps_c.cpython-310-x86_64-linux-gnu.so
[8.615s] -- Up-to-date symlink: /home/jani/rosdev/Janabot/install/serial_motor_demo_msgs/local/lib/python3.10/dist-packages/serial_motor_demo_msgs/serial_motor_demo_msgs_s__rosidl_typesupport_introspection_c.cpython-310-x86_64-linux-gnu.so
[8.615s] -- Up-to-date symlink: /home/jani/rosdev/Janabot/install/serial_motor_demo_msgs/local/lib/python3.10/dist-packages/serial_motor_demo_msgs/serial_motor_demo_msgs_s__rosidl_typesupport_c.cpython-310-x86_64-linux-gnu.so
[8.615s] -- Symlinking: /home/jani/rosdev/Janabot/install/serial_motor_demo_msgs/share/serial_motor_demo_msgs/msg/MotorCommand.idl
[8.625s] -- Symlinking: /home/jani/rosdev/Janabot/install/serial_motor_demo_msgs/share/serial_motor_demo_msgs/msg/MotorVels.idl
[8.634s] -- Symlinking: /home/jani/rosdev/Janabot/install/serial_motor_demo_msgs/share/serial_motor_demo_msgs/msg/EncoderVals.idl
[8.643s] -- Symlinking: /home/jani/rosdev/Janabot/install/serial_motor_demo_msgs/share/serial_motor_demo_msgs/msg/MotorCommand.msg
[8.653s] -- Symlinking: /home/jani/rosdev/Janabot/install/serial_motor_demo_msgs/share/serial_motor_demo_msgs/msg/MotorVels.msg
[8.662s] -- Symlinking: /home/jani/rosdev/Janabot/install/serial_motor_demo_msgs/share/serial_motor_demo_msgs/msg/EncoderVals.msg
[8.672s] -- Symlinking: /home/jani/rosdev/Janabot/install/serial_motor_demo_msgs/share/ament_index/resource_index/package_run_dependencies/serial_motor_demo_msgs
[8.682s] -- Symlinking: /home/jani/rosdev/Janabot/install/serial_motor_demo_msgs/share/ament_index/resource_index/parent_prefix_path/serial_motor_demo_msgs
[8.691s] -- Symlinking: /home/jani/rosdev/Janabot/install/serial_motor_demo_msgs/share/serial_motor_demo_msgs/environment/ament_prefix_path.sh
[8.700s] -- Symlinking: /home/jani/rosdev/Janabot/install/serial_motor_demo_msgs/share/serial_motor_demo_msgs/environment/ament_prefix_path.dsv
[8.709s] -- Symlinking: /home/jani/rosdev/Janabot/install/serial_motor_demo_msgs/share/serial_motor_demo_msgs/environment/path.sh
[8.719s] -- Symlinking: /home/jani/rosdev/Janabot/install/serial_motor_demo_msgs/share/serial_motor_demo_msgs/environment/path.dsv
[8.728s] -- Symlinking: /home/jani/rosdev/Janabot/install/serial_motor_demo_msgs/share/serial_motor_demo_msgs/local_setup.bash
[8.738s] -- Symlinking: /home/jani/rosdev/Janabot/install/serial_motor_demo_msgs/share/serial_motor_demo_msgs/local_setup.sh
[8.747s] -- Symlinking: /home/jani/rosdev/Janabot/install/serial_motor_demo_msgs/share/serial_motor_demo_msgs/local_setup.zsh
[8.757s] -- Symlinking: /home/jani/rosdev/Janabot/install/serial_motor_demo_msgs/share/serial_motor_demo_msgs/local_setup.dsv
[8.766s] -- Symlinking: /home/jani/rosdev/Janabot/install/serial_motor_demo_msgs/share/serial_motor_demo_msgs/package.dsv
[8.775s] -- Symlinking: /home/jani/rosdev/Janabot/install/serial_motor_demo_msgs/share/ament_index/resource_index/packages/serial_motor_demo_msgs
[8.785s] -- Symlinking: /home/jani/rosdev/Janabot/install/serial_motor_demo_msgs/share/serial_motor_demo_msgs/cmake/rosidl_cmake-extras.cmake
[8.794s] -- Symlinking: /home/jani/rosdev/Janabot/install/serial_motor_demo_msgs/share/serial_motor_demo_msgs/cmake/ament_cmake_export_include_directories-extras.cmake
[8.803s] -- Symlinking: /home/jani/rosdev/Janabot/install/serial_motor_demo_msgs/share/serial_motor_demo_msgs/cmake/ament_cmake_export_libraries-extras.cmake
[8.812s] -- Symlinking: /home/jani/rosdev/Janabot/install/serial_motor_demo_msgs/share/serial_motor_demo_msgs/cmake/ament_cmake_export_targets-extras.cmake
[8.822s] -- Symlinking: /home/jani/rosdev/Janabot/install/serial_motor_demo_msgs/share/serial_motor_demo_msgs/cmake/rosidl_cmake_export_typesupport_targets-extras.cmake
[8.832s] -- Symlinking: /home/jani/rosdev/Janabot/install/serial_motor_demo_msgs/share/serial_motor_demo_msgs/cmake/ament_cmake_export_dependencies-extras.cmake
[8.841s] -- Symlinking: /home/jani/rosdev/Janabot/install/serial_motor_demo_msgs/share/serial_motor_demo_msgs/cmake/rosidl_cmake_export_typesupport_libraries-extras.cmake
[8.850s] -- Symlinking: /home/jani/rosdev/Janabot/install/serial_motor_demo_msgs/share/serial_motor_demo_msgs/cmake/serial_motor_demo_msgsConfig.cmake
[8.859s] -- Symlinking: /home/jani/rosdev/Janabot/install/serial_motor_demo_msgs/share/serial_motor_demo_msgs/cmake/serial_motor_demo_msgsConfig-version.cmake
[8.869s] -- Symlinking: /home/jani/rosdev/Janabot/install/serial_motor_demo_msgs/share/serial_motor_demo_msgs/package.xml
[8.878s] -- Installing: /home/jani/rosdev/Janabot/install/serial_motor_demo_msgs/lib/libserial_motor_demo_msgs__rosidl_generator_c.so
[8.879s] -- Set runtime path of "/home/jani/rosdev/Janabot/install/serial_motor_demo_msgs/lib/libserial_motor_demo_msgs__rosidl_generator_c.so" to ""
[8.879s] -- Installing: /home/jani/rosdev/Janabot/install/serial_motor_demo_msgs/lib/libserial_motor_demo_msgs__rosidl_typesupport_fastrtps_c.so
[8.880s] -- Set runtime path of "/home/jani/rosdev/Janabot/install/serial_motor_demo_msgs/lib/libserial_motor_demo_msgs__rosidl_typesupport_fastrtps_c.so" to ""
[8.880s] -- Installing: /home/jani/rosdev/Janabot/install/serial_motor_demo_msgs/lib/libserial_motor_demo_msgs__rosidl_typesupport_introspection_c.so
[8.881s] -- Set runtime path of "/home/jani/rosdev/Janabot/install/serial_motor_demo_msgs/lib/libserial_motor_demo_msgs__rosidl_typesupport_introspection_c.so" to ""
[8.881s] -- Installing: /home/jani/rosdev/Janabot/install/serial_motor_demo_msgs/lib/libserial_motor_demo_msgs__rosidl_typesupport_c.so
[8.882s] -- Set runtime path of "/home/jani/rosdev/Janabot/install/serial_motor_demo_msgs/lib/libserial_motor_demo_msgs__rosidl_typesupport_c.so" to ""
[8.882s] -- Installing: /home/jani/rosdev/Janabot/install/serial_motor_demo_msgs/lib/libserial_motor_demo_msgs__rosidl_typesupport_fastrtps_cpp.so
[8.883s] -- Set runtime path of "/home/jani/rosdev/Janabot/install/serial_motor_demo_msgs/lib/libserial_motor_demo_msgs__rosidl_typesupport_fastrtps_cpp.so" to ""
[8.883s] -- Installing: /home/jani/rosdev/Janabot/install/serial_motor_demo_msgs/lib/libserial_motor_demo_msgs__rosidl_typesupport_introspection_cpp.so
[8.884s] -- Set runtime path of "/home/jani/rosdev/Janabot/install/serial_motor_demo_msgs/lib/libserial_motor_demo_msgs__rosidl_typesupport_introspection_cpp.so" to ""
[8.884s] -- Installing: /home/jani/rosdev/Janabot/install/serial_motor_demo_msgs/lib/libserial_motor_demo_msgs__rosidl_typesupport_cpp.so
[8.884s] -- Set runtime path of "/home/jani/rosdev/Janabot/install/serial_motor_demo_msgs/lib/libserial_motor_demo_msgs__rosidl_typesupport_cpp.so" to ""
[8.922s] Listing '/home/jani/rosdev/Janabot/install/serial_motor_demo_msgs/local/lib/python3.10/dist-packages/serial_motor_demo_msgs'...
[8.922s] Compiling '/home/jani/rosdev/Janabot/install/serial_motor_demo_msgs/local/lib/python3.10/dist-packages/serial_motor_demo_msgs/__init__.py'...
[8.922s] Listing '/home/jani/rosdev/Janabot/install/serial_motor_demo_msgs/local/lib/python3.10/dist-packages/serial_motor_demo_msgs/msg'...
[8.922s] Compiling '/home/jani/rosdev/Janabot/install/serial_motor_demo_msgs/local/lib/python3.10/dist-packages/serial_motor_demo_msgs/msg/__init__.py'...
[8.922s] Compiling '/home/jani/rosdev/Janabot/install/serial_motor_demo_msgs/local/lib/python3.10/dist-packages/serial_motor_demo_msgs/msg/_encoder_vals.py'...
[8.922s] Compiling '/home/jani/rosdev/Janabot/install/serial_motor_demo_msgs/local/lib/python3.10/dist-packages/serial_motor_demo_msgs/msg/_motor_command.py'...
[8.922s] Compiling '/home/jani/rosdev/Janabot/install/serial_motor_demo_msgs/local/lib/python3.10/dist-packages/serial_motor_demo_msgs/msg/_motor_vels.py'...
[8.927s] -- Installing: /home/jani/rosdev/Janabot/install/serial_motor_demo_msgs/lib/libserial_motor_demo_msgs__rosidl_generator_py.so
[8.928s] -- Set runtime path of "/home/jani/rosdev/Janabot/install/serial_motor_demo_msgs/lib/libserial_motor_demo_msgs__rosidl_generator_py.so" to ""
[8.929s] -- Installing: /home/jani/rosdev/Janabot/install/serial_motor_demo_msgs/share/serial_motor_demo_msgs/cmake/export_serial_motor_demo_msgs__rosidl_generator_cExport.cmake
[8.929s] -- Installing: /home/jani/rosdev/Janabot/install/serial_motor_demo_msgs/share/serial_motor_demo_msgs/cmake/export_serial_motor_demo_msgs__rosidl_generator_cExport-relwithdebinfo.cmake
[8.929s] -- Installing: /home/jani/rosdev/Janabot/install/serial_motor_demo_msgs/share/serial_motor_demo_msgs/cmake/export_serial_motor_demo_msgs__rosidl_typesupport_fastrtps_cExport.cmake
[8.929s] -- Installing: /home/jani/rosdev/Janabot/install/serial_motor_demo_msgs/share/serial_motor_demo_msgs/cmake/export_serial_motor_demo_msgs__rosidl_typesupport_fastrtps_cExport-relwithdebinfo.cmake
[8.930s] -- Installing: /home/jani/rosdev/Janabot/install/serial_motor_demo_msgs/share/serial_motor_demo_msgs/cmake/serial_motor_demo_msgs__rosidl_typesupport_introspection_cExport.cmake
[8.930s] -- Installing: /home/jani/rosdev/Janabot/install/serial_motor_demo_msgs/share/serial_motor_demo_msgs/cmake/serial_motor_demo_msgs__rosidl_typesupport_introspection_cExport-relwithdebinfo.cmake
[8.930s] -- Installing: /home/jani/rosdev/Janabot/install/serial_motor_demo_msgs/share/serial_motor_demo_msgs/cmake/serial_motor_demo_msgs__rosidl_typesupport_cExport.cmake
[8.930s] -- Installing: /home/jani/rosdev/Janabot/install/serial_motor_demo_msgs/share/serial_motor_demo_msgs/cmake/serial_motor_demo_msgs__rosidl_typesupport_cExport-relwithdebinfo.cmake
[8.930s] -- Installing: /home/jani/rosdev/Janabot/install/serial_motor_demo_msgs/share/serial_motor_demo_msgs/cmake/export_serial_motor_demo_msgs__rosidl_generator_cppExport.cmake
[8.931s] -- Installing: /home/jani/rosdev/Janabot/install/serial_motor_demo_msgs/share/serial_motor_demo_msgs/cmake/export_serial_motor_demo_msgs__rosidl_typesupport_fastrtps_cppExport.cmake
[8.931s] -- Installing: /home/jani/rosdev/Janabot/install/serial_motor_demo_msgs/share/serial_motor_demo_msgs/cmake/export_serial_motor_demo_msgs__rosidl_typesupport_fastrtps_cppExport-relwithdebinfo.cmake
[8.931s] -- Installing: /home/jani/rosdev/Janabot/install/serial_motor_demo_msgs/share/serial_motor_demo_msgs/cmake/serial_motor_demo_msgs__rosidl_typesupport_introspection_cppExport.cmake
[8.931s] -- Installing: /home/jani/rosdev/Janabot/install/serial_motor_demo_msgs/share/serial_motor_demo_msgs/cmake/serial_motor_demo_msgs__rosidl_typesupport_introspection_cppExport-relwithdebinfo.cmake
[8.931s] -- Installing: /home/jani/rosdev/Janabot/install/serial_motor_demo_msgs/share/serial_motor_demo_msgs/cmake/serial_motor_demo_msgs__rosidl_typesupport_cppExport.cmake
[8.932s] -- Installing: /home/jani/rosdev/Janabot/install/serial_motor_demo_msgs/share/serial_motor_demo_msgs/cmake/serial_motor_demo_msgs__rosidl_typesupport_cppExport-relwithdebinfo.cmake
[8.932s] -- Installing: /home/jani/rosdev/Janabot/install/serial_motor_demo_msgs/share/serial_motor_demo_msgs/cmake/export_serial_motor_demo_msgs__rosidl_generator_pyExport.cmake
[8.932s] -- Installing: /home/jani/rosdev/Janabot/install/serial_motor_demo_msgs/share/serial_motor_demo_msgs/cmake/export_serial_motor_demo_msgs__rosidl_generator_pyExport-relwithdebinfo.cmake
[8.936s] Invoked command in '/home/jani/rosdev/Janabot/build/serial_motor_demo_msgs' returned '0': CMAKE_PREFIX_PATH=/opt/ros/humble /usr/bin/cmake --install /home/jani/rosdev/Janabot/build/serial_motor_demo_msgs
