[0.677s] DEBUG:colcon:Command line arguments: ['/usr/bin/colcon', 'list', '-p', '--base-paths', '/home/jani/rosdev/Janabot']
[0.677s] DEBUG:colcon:Parsed command line arguments: Namespace(log_base=None, log_level=None, verb_name='list', build_base='build', ignore_user_meta=False, metas=['./colcon.meta'], base_paths=['/home/jani/rosdev/Janabot'], packages_ignore=None, packages_ignore_regex=None, paths=None, packages_up_to=None, packages_up_to_regex=None, packages_above=None, packages_above_and_dependencies=None, packages_above_depth=None, packages_select_by_dep=None, packages_skip_by_dep=None, packages_skip_up_to=None, packages_select_build_failed=False, packages_skip_build_finished=False, packages_select_test_failures=False, packages_skip_test_passed=False, packages_select=None, packages_skip=None, packages_select_regex=None, packages_skip_regex=None, packages_start=None, packages_end=None, allow_overriding=[], topological_order=False, names_only=False, paths_only=True, topological_graph=False, topological_graph_dot=False, topological_graph_density=False, topological_graph_legend=False, topological_graph_dot_cluster=False, topological_graph_dot_include_skipped=False, verb_parser=<colcon_defaults.argument_parser.defaults.DefaultArgumentsDecorator object at 0x7eff70ae1990>, verb_extension=<colcon_package_information.verb.list.ListVerb object at 0x7eff70bfbc40>, main=<bound method ListVerb.main of <colcon_package_information.verb.list.ListVerb object at 0x7eff70bfbc40>>)
[0.753s] Level 1:colcon.colcon_core.package_discovery:discover_packages(colcon_meta) check parameters
[0.753s] Level 1:colcon.colcon_core.package_discovery:discover_packages(recursive) check parameters
[0.753s] Level 1:colcon.colcon_core.package_discovery:discover_packages(ignore) check parameters
[0.753s] Level 1:colcon.colcon_core.package_discovery:discover_packages(path) check parameters
[0.753s] Level 1:colcon.colcon_core.package_discovery:discover_packages(recursive) discover
[0.753s] INFO:colcon.colcon_core.package_discovery:Crawling recursively for packages in '/home/jani/rosdev/Janabot'
[0.753s] Level 1:colcon.colcon_core.package_identification:_identify(/home/jani/rosdev/Janabot) by extensions ['ignore', 'ignore_ament_install']
[0.754s] Level 1:colcon.colcon_core.package_identification:_identify(/home/jani/rosdev/Janabot) by extension 'ignore'
[0.754s] Level 1:colcon.colcon_core.package_identification:_identify(/home/jani/rosdev/Janabot) by extension 'ignore_ament_install'
[0.754s] Level 1:colcon.colcon_core.package_identification:_identify(/home/jani/rosdev/Janabot) by extensions ['colcon_pkg']
[0.754s] Level 1:colcon.colcon_core.package_identification:_identify(/home/jani/rosdev/Janabot) by extension 'colcon_pkg'
[0.754s] Level 1:colcon.colcon_core.package_identification:_identify(/home/jani/rosdev/Janabot) by extensions ['colcon_meta']
[0.754s] Level 1:colcon.colcon_core.package_identification:_identify(/home/jani/rosdev/Janabot) by extension 'colcon_meta'
[0.754s] Level 1:colcon.colcon_core.package_identification:_identify(/home/jani/rosdev/Janabot) by extensions ['ros']
[0.754s] Level 1:colcon.colcon_core.package_identification:_identify(/home/jani/rosdev/Janabot) by extension 'ros'
[0.776s] Level 1:colcon.colcon_core.package_identification:_identify(/home/jani/rosdev/Janabot) by extensions ['cmake', 'python']
[0.776s] Level 1:colcon.colcon_core.package_identification:_identify(/home/jani/rosdev/Janabot) by extension 'cmake'
[0.776s] Level 1:colcon.colcon_core.package_identification:_identify(/home/jani/rosdev/Janabot) by extension 'python'
[0.776s] Level 1:colcon.colcon_core.package_identification:_identify(/home/jani/rosdev/Janabot) by extensions ['python_setup_py']
[0.776s] Level 1:colcon.colcon_core.package_identification:_identify(/home/jani/rosdev/Janabot) by extension 'python_setup_py'
[0.776s] Level 1:colcon.colcon_core.package_identification:_identify(/home/jani/rosdev/Janabot/log) by extensions ['ignore', 'ignore_ament_install']
[0.777s] Level 1:colcon.colcon_core.package_identification:_identify(/home/jani/rosdev/Janabot/log) by extension 'ignore'
[0.777s] Level 1:colcon.colcon_core.package_identification:_identify(/home/jani/rosdev/Janabot/log) ignored
[0.777s] Level 1:colcon.colcon_core.package_identification:_identify(/home/jani/rosdev/Janabot/src) by extensions ['ignore', 'ignore_ament_install']
[0.777s] Level 1:colcon.colcon_core.package_identification:_identify(/home/jani/rosdev/Janabot/src) by extension 'ignore'
[0.777s] Level 1:colcon.colcon_core.package_identification:_identify(/home/jani/rosdev/Janabot/src) by extension 'ignore_ament_install'
[0.778s] Level 1:colcon.colcon_core.package_identification:_identify(/home/jani/rosdev/Janabot/src) by extensions ['colcon_pkg']
[0.778s] Level 1:colcon.colcon_core.package_identification:_identify(/home/jani/rosdev/Janabot/src) by extension 'colcon_pkg'
[0.778s] Level 1:colcon.colcon_core.package_identification:_identify(/home/jani/rosdev/Janabot/src) by extensions ['colcon_meta']
[0.778s] Level 1:colcon.colcon_core.package_identification:_identify(/home/jani/rosdev/Janabot/src) by extension 'colcon_meta'
[0.778s] Level 1:colcon.colcon_core.package_identification:_identify(/home/jani/rosdev/Janabot/src) by extensions ['ros']
[0.778s] Level 1:colcon.colcon_core.package_identification:_identify(/home/jani/rosdev/Janabot/src) by extension 'ros'
[0.778s] Level 1:colcon.colcon_core.package_identification:_identify(/home/jani/rosdev/Janabot/src) by extensions ['cmake', 'python']
[0.778s] Level 1:colcon.colcon_core.package_identification:_identify(/home/jani/rosdev/Janabot/src) by extension 'cmake'
[0.778s] Level 1:colcon.colcon_core.package_identification:_identify(/home/jani/rosdev/Janabot/src) by extension 'python'
[0.778s] Level 1:colcon.colcon_core.package_identification:_identify(/home/jani/rosdev/Janabot/src) by extensions ['python_setup_py']
[0.778s] Level 1:colcon.colcon_core.package_identification:_identify(/home/jani/rosdev/Janabot/src) by extension 'python_setup_py'
[0.779s] Level 1:colcon.colcon_core.package_identification:_identify(/home/jani/rosdev/Janabot/src/serial_motor_demo) by extensions ['ignore', 'ignore_ament_install']
[0.779s] Level 1:colcon.colcon_core.package_identification:_identify(/home/jani/rosdev/Janabot/src/serial_motor_demo) by extension 'ignore'
[0.779s] Level 1:colcon.colcon_core.package_identification:_identify(/home/jani/rosdev/Janabot/src/serial_motor_demo) by extension 'ignore_ament_install'
[0.779s] Level 1:colcon.colcon_core.package_identification:_identify(/home/jani/rosdev/Janabot/src/serial_motor_demo) by extensions ['colcon_pkg']
[0.779s] Level 1:colcon.colcon_core.package_identification:_identify(/home/jani/rosdev/Janabot/src/serial_motor_demo) by extension 'colcon_pkg'
[0.779s] Level 1:colcon.colcon_core.package_identification:_identify(/home/jani/rosdev/Janabot/src/serial_motor_demo) by extensions ['colcon_meta']
[0.779s] Level 1:colcon.colcon_core.package_identification:_identify(/home/jani/rosdev/Janabot/src/serial_motor_demo) by extension 'colcon_meta'
[0.779s] Level 1:colcon.colcon_core.package_identification:_identify(/home/jani/rosdev/Janabot/src/serial_motor_demo) by extensions ['ros']
[0.779s] Level 1:colcon.colcon_core.package_identification:_identify(/home/jani/rosdev/Janabot/src/serial_motor_demo) by extension 'ros'
[0.780s] Level 1:colcon.colcon_core.package_identification:_identify(/home/jani/rosdev/Janabot/src/serial_motor_demo) by extensions ['cmake', 'python']
[0.780s] Level 1:colcon.colcon_core.package_identification:_identify(/home/jani/rosdev/Janabot/src/serial_motor_demo) by extension 'cmake'
[0.780s] Level 1:colcon.colcon_core.package_identification:_identify(/home/jani/rosdev/Janabot/src/serial_motor_demo) by extension 'python'
[0.780s] Level 1:colcon.colcon_core.package_identification:_identify(/home/jani/rosdev/Janabot/src/serial_motor_demo) by extensions ['python_setup_py']
[0.780s] Level 1:colcon.colcon_core.package_identification:_identify(/home/jani/rosdev/Janabot/src/serial_motor_demo) by extension 'python_setup_py'
[0.780s] Level 1:colcon.colcon_core.package_identification:_identify(/home/jani/rosdev/Janabot/src/serial_motor_demo/serial_motor_demo) by extensions ['ignore', 'ignore_ament_install']
[0.780s] Level 1:colcon.colcon_core.package_identification:_identify(/home/jani/rosdev/Janabot/src/serial_motor_demo/serial_motor_demo) by extension 'ignore'
[0.780s] Level 1:colcon.colcon_core.package_identification:_identify(/home/jani/rosdev/Janabot/src/serial_motor_demo/serial_motor_demo) by extension 'ignore_ament_install'
[0.781s] Level 1:colcon.colcon_core.package_identification:_identify(/home/jani/rosdev/Janabot/src/serial_motor_demo/serial_motor_demo) by extensions ['colcon_pkg']
[0.781s] Level 1:colcon.colcon_core.package_identification:_identify(/home/jani/rosdev/Janabot/src/serial_motor_demo/serial_motor_demo) by extension 'colcon_pkg'
[0.781s] Level 1:colcon.colcon_core.package_identification:_identify(/home/jani/rosdev/Janabot/src/serial_motor_demo/serial_motor_demo) by extensions ['colcon_meta']
[0.781s] Level 1:colcon.colcon_core.package_identification:_identify(/home/jani/rosdev/Janabot/src/serial_motor_demo/serial_motor_demo) by extension 'colcon_meta'
[0.781s] Level 1:colcon.colcon_core.package_identification:_identify(/home/jani/rosdev/Janabot/src/serial_motor_demo/serial_motor_demo) by extensions ['ros']
[0.781s] Level 1:colcon.colcon_core.package_identification:_identify(/home/jani/rosdev/Janabot/src/serial_motor_demo/serial_motor_demo) by extension 'ros'
[0.788s] DEBUG:colcon.colcon_core.package_identification:Package '/home/jani/rosdev/Janabot/src/serial_motor_demo/serial_motor_demo' with type 'ros.ament_python' and name 'serial_motor_demo'
[0.788s] Level 1:colcon.colcon_core.package_identification:_identify(/home/jani/rosdev/Janabot/src/serial_motor_demo/serial_motor_demo_msgs) by extensions ['ignore', 'ignore_ament_install']
[0.788s] Level 1:colcon.colcon_core.package_identification:_identify(/home/jani/rosdev/Janabot/src/serial_motor_demo/serial_motor_demo_msgs) by extension 'ignore'
[0.789s] Level 1:colcon.colcon_core.package_identification:_identify(/home/jani/rosdev/Janabot/src/serial_motor_demo/serial_motor_demo_msgs) by extension 'ignore_ament_install'
[0.789s] Level 1:colcon.colcon_core.package_identification:_identify(/home/jani/rosdev/Janabot/src/serial_motor_demo/serial_motor_demo_msgs) by extensions ['colcon_pkg']
[0.789s] Level 1:colcon.colcon_core.package_identification:_identify(/home/jani/rosdev/Janabot/src/serial_motor_demo/serial_motor_demo_msgs) by extension 'colcon_pkg'
[0.789s] Level 1:colcon.colcon_core.package_identification:_identify(/home/jani/rosdev/Janabot/src/serial_motor_demo/serial_motor_demo_msgs) by extensions ['colcon_meta']
[0.789s] Level 1:colcon.colcon_core.package_identification:_identify(/home/jani/rosdev/Janabot/src/serial_motor_demo/serial_motor_demo_msgs) by extension 'colcon_meta'
[0.789s] Level 1:colcon.colcon_core.package_identification:_identify(/home/jani/rosdev/Janabot/src/serial_motor_demo/serial_motor_demo_msgs) by extensions ['ros']
[0.789s] Level 1:colcon.colcon_core.package_identification:_identify(/home/jani/rosdev/Janabot/src/serial_motor_demo/serial_motor_demo_msgs) by extension 'ros'
[0.790s] DEBUG:colcon.colcon_core.package_identification:Package '/home/jani/rosdev/Janabot/src/serial_motor_demo/serial_motor_demo_msgs' with type 'ros.ament_cmake' and name 'serial_motor_demo_msgs'
[0.790s] Level 1:colcon.colcon_core.package_discovery:discover_packages(recursive) using defaults
