[0.719s] Invoking command in '/home/jani/rosdev/Janabot/build/serial_motor_demo': AMENT_PREFIX_PATH=/home/jani/rosdev/Janabot/install/serial_motor_demo_msgs:${AMENT_PREFIX_PATH} CMAKE_PREFIX_PATH=/home/jani/rosdev/Janabot/install/serial_motor_demo_msgs LD_LIBRARY_PATH=/home/jani/rosdev/Janabot/install/serial_motor_demo_msgs/lib:${LD_LIBRARY_PATH} PYTHONPATH=/home/jani/rosdev/Janabot/build/serial_motor_demo/prefix_override:/home/jani/rosdev/Janabot/install/serial_motor_demo/lib/python3.10/site-packages:/home/jani/rosdev/Janabot/install/serial_motor_demo_msgs/local/lib/python3.10/dist-packages:${PYTHONPATH} /usr/bin/python3 setup.py develop --editable --build-directory /home/jani/rosdev/Janabot/build/serial_motor_demo/build --no-deps install_data
[1.009s] running develop
[1.187s] running egg_info
[1.187s] creating serial_motor_demo.egg-info
[1.187s] writing serial_motor_demo.egg-info/PKG-INFO
[1.188s] writing dependency_links to serial_motor_demo.egg-info/dependency_links.txt
[1.188s] writing entry points to serial_motor_demo.egg-info/entry_points.txt
[1.188s] writing requirements to serial_motor_demo.egg-info/requires.txt
[1.188s] writing top-level names to serial_motor_demo.egg-info/top_level.txt
[1.188s] writing manifest file 'serial_motor_demo.egg-info/SOURCES.txt'
[1.190s] reading manifest file 'serial_motor_demo.egg-info/SOURCES.txt'
[1.191s] writing manifest file 'serial_motor_demo.egg-info/SOURCES.txt'
[1.192s] running build_ext
[1.192s] Creating /home/jani/rosdev/Janabot/install/serial_motor_demo/lib/python3.10/site-packages/serial-motor-demo.egg-link (link to .)
[1.193s] Installing driver script to /home/jani/rosdev/Janabot/install/serial_motor_demo/lib/serial_motor_demo
[1.193s] Installing gui script to /home/jani/rosdev/Janabot/install/serial_motor_demo/lib/serial_motor_demo
[1.194s] 
[1.194s] Installed /home/jani/rosdev/Janabot/build/serial_motor_demo
[1.194s] running install_data
[1.194s] creating /home/jani/rosdev/Janabot/install/serial_motor_demo/share/ament_index
[1.194s] creating /home/jani/rosdev/Janabot/install/serial_motor_demo/share/ament_index/resource_index
[1.195s] creating /home/jani/rosdev/Janabot/install/serial_motor_demo/share/ament_index/resource_index/packages
[1.195s] copying resource/serial_motor_demo -> /home/jani/rosdev/Janabot/install/serial_motor_demo/share/ament_index/resource_index/packages
[1.195s] copying package.xml -> /home/jani/rosdev/Janabot/install/serial_motor_demo/share/serial_motor_demo
[1.233s] Invoked command in '/home/jani/rosdev/Janabot/build/serial_motor_demo' returned '0': AMENT_PREFIX_PATH=/home/jani/rosdev/Janabot/install/serial_motor_demo_msgs:${AMENT_PREFIX_PATH} CMAKE_PREFIX_PATH=/home/jani/rosdev/Janabot/install/serial_motor_demo_msgs LD_LIBRARY_PATH=/home/jani/rosdev/Janabot/install/serial_motor_demo_msgs/lib:${LD_LIBRARY_PATH} PYTHONPATH=/home/jani/rosdev/Janabot/build/serial_motor_demo/prefix_override:/home/jani/rosdev/Janabot/install/serial_motor_demo/lib/python3.10/site-packages:/home/jani/rosdev/Janabot/install/serial_motor_demo_msgs/local/lib/python3.10/dist-packages:${PYTHONPATH} /usr/bin/python3 setup.py develop --editable --build-directory /home/jani/rosdev/Janabot/build/serial_motor_demo/build --no-deps install_data
